{"/Users/florianariasu/test/react-calculator-app/app/layout.tsx": {"path":"/Users/florianariasu/test/react-calculator-app/app/layout.tsx","statementMap":{"0":{"start":{"line":13,"column":24},"end":{"line":13,"column":35}},"1":{"start":{"line":7,"column":13},"end":{"line":7,"column":21}},"2":{"start":{"line":2,"column":26},"end":{"line":2,"column":null}},"3":{"start":{"line":3,"column":26},"end":{"line":3,"column":null}},"4":{"start":{"line":4,"column":26},"end":{"line":4,"column":null}},"5":{"start":{"line":5,"column":7},"end":{"line":5,"column":null}},"6":{"start":{"line":7,"column":34},"end":{"line":11,"column":null}}},"fnMap":{"0":{"name":"RootLayout","decl":{"start":{"line":13,"column":24},"end":{"line":13,"column":35}},"loc":{"start":{"line":17,"column":2},"end":{"line":26,"column":1}}}},"branchMap":{},"s":{"0":0,"1":0,"2":0,"3":0,"4":0,"5":0,"6":0},"f":{"0":0},"b":{}}
,"/Users/florianariasu/test/react-calculator-app/app/page.tsx": {"path":"/Users/florianariasu/test/react-calculator-app/app/page.tsx","statementMap":{"0":{"start":{"line":3,"column":24},"end":{"line":3,"column":null}},"1":{"start":{"line":1,"column":23},"end":{"line":1,"column":null}}},"fnMap":{"0":{"name":"Page","decl":{"start":{"line":3,"column":24},"end":{"line":3,"column":null}},"loc":{"start":{"line":3,"column":24},"end":{"line":9,"column":null}}}},"branchMap":{},"s":{"0":0,"1":0},"f":{"0":0},"b":{}}
,"/Users/florianariasu/test/react-calculator-app/components/calculator.tsx": {"path":"/Users/florianariasu/test/react-calculator-app/components/calculator.tsx","statementMap":{"0":{"start":{"line":14,"column":24},"end":{"line":14,"column":null}},"1":{"start":{"line":3,"column":49},"end":{"line":3,"column":null}},"2":{"start":{"line":4,"column":23},"end":{"line":4,"column":null}},"3":{"start":{"line":5,"column":19},"end":{"line":5,"column":null}},"4":{"start":{"line":15,"column":32},"end":{"line":15,"column":null}},"5":{"start":{"line":16,"column":38},"end":{"line":16,"column":null}},"6":{"start":{"line":17,"column":48},"end":{"line":17,"column":null}},"7":{"start":{"line":18,"column":52},"end":{"line":18,"column":null}},"8":{"start":{"line":19,"column":44},"end":{"line":19,"column":null}},"9":{"start":{"line":20,"column":48},"end":{"line":20,"column":null}},"10":{"start":{"line":22,"column":18},"end":{"line":28,"column":null}},"11":{"start":{"line":30,"column":23},"end":{"line":35,"column":null}},"12":{"start":{"line":31,"column":4},"end":{"line":31,"column":null}},"13":{"start":{"line":31,"column":25},"end":{"line":31,"column":null}},"14":{"start":{"line":32,"column":18},"end":{"line":32,"column":null}},"15":{"start":{"line":33,"column":4},"end":{"line":33,"column":null}},"16":{"start":{"line":34,"column":4},"end":{"line":34,"column":null}},"17":{"start":{"line":37,"column":29},"end":{"line":80,"column":null}},"18":{"start":{"line":38,"column":4},"end":{"line":38,"column":null}},"19":{"start":{"line":38,"column":27},"end":{"line":38,"column":null}},"20":{"start":{"line":39,"column":44},"end":{"line":39,"column":46}},"21":{"start":{"line":40,"column":4},"end":{"line":43,"column":null}},"22":{"start":{"line":41,"column":6},"end":{"line":41,"column":null}},"23":{"start":{"line":42,"column":6},"end":{"line":42,"column":null}},"24":{"start":{"line":42,"column":25},"end":{"line":42,"column":null}},"25":{"start":{"line":44,"column":4},"end":{"line":44,"column":null}},"26":{"start":{"line":46,"column":4},"end":{"line":79,"column":null}},"27":{"start":{"line":47,"column":14},"end":{"line":47,"column":null}},"28":{"start":{"line":48,"column":6},"end":{"line":62,"column":null}},"29":{"start":{"line":49,"column":19},"end":{"line":49,"column":30}},"30":{"start":{"line":50,"column":8},"end":{"line":61,"column":null}},"31":{"start":{"line":51,"column":23},"end":{"line":51,"column":null}},"32":{"start":{"line":52,"column":24},"end":{"line":52,"column":null}},"33":{"start":{"line":53,"column":10},"end":{"line":53,"column":null}},"34":{"start":{"line":53,"column":43},"end":{"line":53,"column":null}},"35":{"start":{"line":55,"column":10},"end":{"line":59,"column":null}},"36":{"start":{"line":55,"column":26},"end":{"line":55,"column":null}},"37":{"start":{"line":57,"column":12},"end":{"line":57,"column":null}},"38":{"start":{"line":57,"column":29},"end":{"line":57,"column":null}},"39":{"start":{"line":58,"column":12},"end":{"line":58,"column":null}},"40":{"start":{"line":60,"column":10},"end":{"line":60,"column":null}},"41":{"start":{"line":61,"column":15},"end":{"line":61,"column":null}},"42":{"start":{"line":64,"column":6},"end":{"line":64,"column":null}},"43":{"start":{"line":65,"column":6},"end":{"line":74,"column":null}},"44":{"start":{"line":66,"column":19},"end":{"line":66,"column":30}},"45":{"start":{"line":67,"column":8},"end":{"line":73,"column":null}},"46":{"start":{"line":68,"column":23},"end":{"line":68,"column":null}},"47":{"start":{"line":69,"column":24},"end":{"line":69,"column":null}},"48":{"start":{"line":70,"column":10},"end":{"line":70,"column":null}},"49":{"start":{"line":70,"column":43},"end":{"line":70,"column":null}},"50":{"start":{"line":71,"column":25},"end":{"line":71,"column":null}},"51":{"start":{"line":72,"column":10},"end":{"line":72,"column":null}},"52":{"start":{"line":73,"column":15},"end":{"line":73,"column":null}},"53":{"start":{"line":76,"column":6},"end":{"line":76,"column":null}},"54":{"start":{"line":78,"column":6},"end":{"line":78,"column":null}},"55":{"start":{"line":82,"column":24},"end":{"line":91,"column":null}},"56":{"start":{"line":83,"column":4},"end":{"line":83,"column":null}},"57":{"start":{"line":83,"column":53},"end":{"line":83,"column":null}},"58":{"start":{"line":84,"column":17},"end":{"line":84,"column":null}},"59":{"start":{"line":85,"column":4},"end":{"line":88,"column":null}},"60":{"start":{"line":86,"column":6},"end":{"line":86,"column":null}},"61":{"start":{"line":87,"column":6},"end":{"line":87,"column":null}},"62":{"start":{"line":87,"column":25},"end":{"line":87,"column":null}},"63":{"start":{"line":89,"column":4},"end":{"line":89,"column":null}},"64":{"start":{"line":89,"column":25},"end":{"line":89,"column":null}},"65":{"start":{"line":90,"column":4},"end":{"line":90,"column":null}},"66":{"start":{"line":93,"column":28},"end":{"line":185,"column":null}},"67":{"start":{"line":95,"column":6},"end":{"line":95,"column":null}},"68":{"start":{"line":95,"column":48},"end":{"line":95,"column":null}},"69":{"start":{"line":97,"column":6},"end":{"line":109,"column":null}},"70":{"start":{"line":98,"column":8},"end":{"line":105,"column":null}},"71":{"start":{"line":99,"column":10},"end":{"line":99,"column":null}},"72":{"start":{"line":100,"column":10},"end":{"line":100,"column":null}},"73":{"start":{"line":101,"column":10},"end":{"line":101,"column":null}},"74":{"start":{"line":102,"column":10},"end":{"line":102,"column":null}},"75":{"start":{"line":103,"column":10},"end":{"line":103,"column":null}},"76":{"start":{"line":104,"column":10},"end":{"line":104,"column":null}},"77":{"start":{"line":106,"column":8},"end":{"line":107,"column":null}},"78":{"start":{"line":106,"column":31},"end":{"line":106,"column":null}},"79":{"start":{"line":107,"column":13},"end":{"line":107,"column":null}},"80":{"start":{"line":108,"column":8},"end":{"line":108,"column":null}},"81":{"start":{"line":111,"column":6},"end":{"line":116,"column":null}},"82":{"start":{"line":112,"column":8},"end":{"line":112,"column":null}},"83":{"start":{"line":113,"column":8},"end":{"line":114,"column":null}},"84":{"start":{"line":113,"column":31},"end":{"line":113,"column":null}},"85":{"start":{"line":114,"column":13},"end":{"line":114,"column":null}},"86":{"start":{"line":114,"column":41},"end":{"line":114,"column":null}},"87":{"start":{"line":115,"column":8},"end":{"line":115,"column":null}},"88":{"start":{"line":118,"column":6},"end":{"line":125,"column":null}},"89":{"start":{"line":119,"column":8},"end":{"line":119,"column":null}},"90":{"start":{"line":120,"column":8},"end":{"line":120,"column":null}},"91":{"start":{"line":121,"column":8},"end":{"line":121,"column":null}},"92":{"start":{"line":122,"column":8},"end":{"line":122,"column":null}},"93":{"start":{"line":123,"column":8},"end":{"line":123,"column":null}},"94":{"start":{"line":124,"column":8},"end":{"line":124,"column":null}},"95":{"start":{"line":127,"column":6},"end":{"line":134,"column":null}},"96":{"start":{"line":128,"column":8},"end":{"line":128,"column":null}},"97":{"start":{"line":129,"column":28},"end":{"line":129,"column":null}},"98":{"start":{"line":130,"column":27},"end":{"line":130,"column":null}},"99":{"start":{"line":131,"column":8},"end":{"line":131,"column":null}},"100":{"start":{"line":132,"column":8},"end":{"line":132,"column":null}},"101":{"start":{"line":132,"column":76},"end":{"line":132,"column":null}},"102":{"start":{"line":133,"column":8},"end":{"line":133,"column":null}},"103":{"start":{"line":136,"column":6},"end":{"line":141,"column":null}},"104":{"start":{"line":137,"column":8},"end":{"line":137,"column":null}},"105":{"start":{"line":137,"column":29},"end":{"line":137,"column":null}},"106":{"start":{"line":138,"column":8},"end":{"line":138,"column":null}},"107":{"start":{"line":139,"column":8},"end":{"line":139,"column":null}},"108":{"start":{"line":140,"column":8},"end":{"line":140,"column":null}},"109":{"start":{"line":143,"column":6},"end":{"line":148,"column":null}},"110":{"start":{"line":144,"column":20},"end":{"line":144,"column":null}},"111":{"start":{"line":145,"column":8},"end":{"line":145,"column":null}},"112":{"start":{"line":146,"column":8},"end":{"line":146,"column":null}},"113":{"start":{"line":147,"column":8},"end":{"line":147,"column":null}},"114":{"start":{"line":150,"column":6},"end":{"line":168,"column":null}},"115":{"start":{"line":151,"column":8},"end":{"line":151,"column":null}},"116":{"start":{"line":152,"column":8},"end":{"line":155,"column":null}},"117":{"start":{"line":153,"column":10},"end":{"line":153,"column":null}},"118":{"start":{"line":154,"column":10},"end":{"line":154,"column":null}},"119":{"start":{"line":156,"column":8},"end":{"line":164,"column":null}},"120":{"start":{"line":157,"column":10},"end":{"line":163,"column":null}},"121":{"start":{"line":157,"column":31},"end":{"line":157,"column":null}},"122":{"start":{"line":159,"column":12},"end":{"line":159,"column":null}},"123":{"start":{"line":160,"column":12},"end":{"line":160,"column":null}},"124":{"start":{"line":161,"column":12},"end":{"line":161,"column":null}},"125":{"start":{"line":162,"column":12},"end":{"line":162,"column":null}},"126":{"start":{"line":165,"column":8},"end":{"line":165,"column":null}},"127":{"start":{"line":166,"column":8},"end":{"line":166,"column":null}},"128":{"start":{"line":167,"column":8},"end":{"line":167,"column":null}},"129":{"start":{"line":170,"column":6},"end":{"line":183,"column":null}},"130":{"start":{"line":171,"column":8},"end":{"line":171,"column":null}},"131":{"start":{"line":172,"column":8},"end":{"line":181,"column":null}},"132":{"start":{"line":173,"column":25},"end":{"line":175,"column":null}},"133":{"start":{"line":177,"column":10},"end":{"line":177,"column":null}},"134":{"start":{"line":178,"column":10},"end":{"line":178,"column":null}},"135":{"start":{"line":179,"column":10},"end":{"line":179,"column":null}},"136":{"start":{"line":180,"column":10},"end":{"line":180,"column":null}},"137":{"start":{"line":182,"column":8},"end":{"line":182,"column":null}},"138":{"start":{"line":188,"column":2},"end":{"line":225,"column":null}},"139":{"start":{"line":189,"column":26},"end":{"line":222,"column":null}},"140":{"start":{"line":190,"column":6},"end":{"line":192,"column":null}},"141":{"start":{"line":191,"column":8},"end":{"line":191,"column":null}},"142":{"start":{"line":193,"column":6},"end":{"line":209,"column":null}},"143":{"start":{"line":194,"column":8},"end":{"line":194,"column":null}},"144":{"start":{"line":195,"column":29},"end":{"line":195,"column":50}},"145":{"start":{"line":196,"column":21},"end":{"line":196,"column":null}},"146":{"start":{"line":197,"column":8},"end":{"line":197,"column":null}},"147":{"start":{"line":197,"column":36},"end":{"line":197,"column":null}},"148":{"start":{"line":198,"column":23},"end":{"line":198,"column":null}},"149":{"start":{"line":199,"column":20},"end":{"line":199,"column":null}},"150":{"start":{"line":200,"column":20},"end":{"line":200,"column":null}},"151":{"start":{"line":201,"column":8},"end":{"line":206,"column":null}},"152":{"start":{"line":202,"column":26},"end":{"line":202,"column":72}},"153":{"start":{"line":202,"column":39},"end":{"line":202,"column":72}},"154":{"start":{"line":202,"column":72},"end":{"line":202,"column":null}},"155":{"start":{"line":203,"column":28},"end":{"line":203,"column":91}},"156":{"start":{"line":203,"column":58},"end":{"line":203,"column":91}},"157":{"start":{"line":203,"column":91},"end":{"line":203,"column":null}},"158":{"start":{"line":204,"column":28},"end":{"line":204,"column":71}},"159":{"start":{"line":204,"column":41},"end":{"line":204,"column":71}},"160":{"start":{"line":204,"column":71},"end":{"line":204,"column":null}},"161":{"start":{"line":205,"column":29},"end":{"line":205,"column":79}},"162":{"start":{"line":205,"column":49},"end":{"line":205,"column":79}},"163":{"start":{"line":205,"column":79},"end":{"line":205,"column":null}},"164":{"start":{"line":207,"column":8},"end":{"line":207,"column":null}},"165":{"start":{"line":207,"column":54},"end":{"line":207,"column":null}},"166":{"start":{"line":208,"column":8},"end":{"line":208,"column":null}},"167":{"start":{"line":210,"column":6},"end":{"line":214,"column":null}},"168":{"start":{"line":211,"column":28},"end":{"line":211,"column":57}},"169":{"start":{"line":212,"column":8},"end":{"line":212,"column":null}},"170":{"start":{"line":213,"column":8},"end":{"line":213,"column":null}},"171":{"start":{"line":215,"column":6},"end":{"line":221,"column":null}},"172":{"start":{"line":215,"column":33},"end":{"line":215,"column":null}},"173":{"start":{"line":216,"column":11},"end":{"line":221,"column":null}},"174":{"start":{"line":216,"column":30},"end":{"line":216,"column":null}},"175":{"start":{"line":217,"column":11},"end":{"line":221,"column":null}},"176":{"start":{"line":217,"column":53},"end":{"line":217,"column":null}},"177":{"start":{"line":218,"column":11},"end":{"line":221,"column":null}},"178":{"start":{"line":218,"column":79},"end":{"line":218,"column":null}},"179":{"start":{"line":219,"column":11},"end":{"line":221,"column":null}},"180":{"start":{"line":219,"column":69},"end":{"line":219,"column":null}},"181":{"start":{"line":220,"column":11},"end":{"line":221,"column":null}},"182":{"start":{"line":220,"column":38},"end":{"line":220,"column":null}},"183":{"start":{"line":221,"column":11},"end":{"line":221,"column":null}},"184":{"start":{"line":221,"column":30},"end":{"line":221,"column":null}},"185":{"start":{"line":223,"column":4},"end":{"line":223,"column":null}},"186":{"start":{"line":224,"column":4},"end":{"line":224,"column":null}},"187":{"start":{"line":224,"column":17},"end":{"line":224,"column":null}},"188":{"start":{"line":227,"column":25},"end":{"line":235,"column":null}},"189":{"start":{"line":228,"column":23},"end":{"line":228,"column":null}},"190":{"start":{"line":229,"column":21},"end":{"line":229,"column":null}},"191":{"start":{"line":230,"column":21},"end":{"line":230,"column":null}},"192":{"start":{"line":231,"column":4},"end":{"line":231,"column":null}},"193":{"start":{"line":231,"column":18},"end":{"line":231,"column":null}},"194":{"start":{"line":232,"column":4},"end":{"line":232,"column":null}},"195":{"start":{"line":232,"column":20},"end":{"line":232,"column":null}},"196":{"start":{"line":233,"column":4},"end":{"line":233,"column":null}},"197":{"start":{"line":233,"column":48},"end":{"line":233,"column":null}},"198":{"start":{"line":234,"column":4},"end":{"line":234,"column":null}},"199":{"start":{"line":254,"column":29},"end":{"line":254,"column":null}},"200":{"start":{"line":255,"column":25},"end":{"line":255,"column":null}},"201":{"start":{"line":257,"column":10},"end":{"line":259,"column":null}},"202":{"start":{"line":260,"column":29},"end":{"line":260,"column":null}}},"fnMap":{"0":{"name":"Calculator","decl":{"start":{"line":14,"column":24},"end":{"line":14,"column":null}},"loc":{"start":{"line":14,"column":24},"end":{"line":277,"column":null}}},"1":{"name":"(anonymous_2)","decl":{"start":{"line":30,"column":23},"end":{"line":30,"column":24}},"loc":{"start":{"line":30,"column":24},"end":{"line":35,"column":null}}},"2":{"name":"(anonymous_3)","decl":{"start":{"line":37,"column":41},"end":{"line":37,"column":42}},"loc":{"start":{"line":37,"column":66},"end":{"line":80,"column":5}}},"3":{"name":"(anonymous_4)","decl":{"start":{"line":82,"column":36},"end":{"line":82,"column":null}},"loc":{"start":{"line":82,"column":36},"end":{"line":91,"column":5}}},"4":{"name":"(anonymous_5)","decl":{"start":{"line":94,"column":4},"end":{"line":94,"column":5}},"loc":{"start":{"line":94,"column":5},"end":{"line":184,"column":null}}},"5":{"name":"(anonymous_6)","decl":{"start":{"line":188,"column":12},"end":{"line":188,"column":null}},"loc":{"start":{"line":188,"column":12},"end":{"line":225,"column":5}}},"6":{"name":"(anonymous_7)","decl":{"start":{"line":189,"column":26},"end":{"line":189,"column":27}},"loc":{"start":{"line":189,"column":27},"end":{"line":222,"column":null}}},"7":{"name":"(anonymous_8)","decl":{"start":{"line":224,"column":11},"end":{"line":224,"column":17}},"loc":{"start":{"line":224,"column":17},"end":{"line":224,"column":null}}},"8":{"name":"(anonymous_9)","decl":{"start":{"line":227,"column":25},"end":{"line":227,"column":26}},"loc":{"start":{"line":227,"column":26},"end":{"line":235,"column":null}}},"9":{"name":"(anonymous_10)","decl":{"start":{"line":253,"column":28},"end":{"line":253,"column":29}},"loc":{"start":{"line":253,"column":36},"end":{"line":271,"column":null}}},"10":{"name":"(anonymous_11)","decl":{"start":{"line":260,"column":23},"end":{"line":260,"column":29}},"loc":{"start":{"line":260,"column":29},"end":{"line":260,"column":null}}}},"branchMap":{"0":{"loc":{"start":{"line":31,"column":4},"end":{"line":31,"column":null}},"type":"if","locations":[{"start":{"line":31,"column":4},"end":{"line":31,"column":null}},{"start":{},"end":{}}]},"1":{"loc":{"start":{"line":38,"column":4},"end":{"line":38,"column":null}},"type":"if","locations":[{"start":{"line":38,"column":4},"end":{"line":38,"column":null}},{"start":{},"end":{}}]},"2":{"loc":{"start":{"line":42,"column":6},"end":{"line":42,"column":null}},"type":"if","locations":[{"start":{"line":42,"column":6},"end":{"line":42,"column":null}},{"start":{},"end":{}}]},"3":{"loc":{"start":{"line":50,"column":8},"end":{"line":61,"column":null}},"type":"if","locations":[{"start":{"line":50,"column":8},"end":{"line":61,"column":null}},{"start":{"line":61,"column":15},"end":{"line":61,"column":null}}]},"4":{"loc":{"start":{"line":50,"column":12},"end":{"line":50,"column":38}},"type":"binary-expr","locations":[{"start":{"line":50,"column":12},"end":{"line":50,"column":26}},{"start":{"line":50,"column":26},"end":{"line":50,"column":38}}]},"5":{"loc":{"start":{"line":53,"column":10},"end":{"line":53,"column":null}},"type":"if","locations":[{"start":{"line":53,"column":10},"end":{"line":53,"column":null}},{"start":{},"end":{}}]},"6":{"loc":{"start":{"line":53,"column":14},"end":{"line":53,"column":43}},"type":"binary-expr","locations":[{"start":{"line":53,"column":14},"end":{"line":53,"column":29}},{"start":{"line":53,"column":29},"end":{"line":53,"column":43}}]},"7":{"loc":{"start":{"line":55,"column":10},"end":{"line":59,"column":null}},"type":"if","locations":[{"start":{"line":55,"column":10},"end":{"line":59,"column":null}},{"start":{"line":56,"column":15},"end":{"line":59,"column":null}}]},"8":{"loc":{"start":{"line":57,"column":12},"end":{"line":57,"column":null}},"type":"if","locations":[{"start":{"line":57,"column":12},"end":{"line":57,"column":null}},{"start":{},"end":{}}]},"9":{"loc":{"start":{"line":67,"column":8},"end":{"line":73,"column":null}},"type":"if","locations":[{"start":{"line":67,"column":8},"end":{"line":73,"column":null}},{"start":{"line":73,"column":15},"end":{"line":73,"column":null}}]},"10":{"loc":{"start":{"line":67,"column":12},"end":{"line":67,"column":38}},"type":"binary-expr","locations":[{"start":{"line":67,"column":12},"end":{"line":67,"column":26}},{"start":{"line":67,"column":26},"end":{"line":67,"column":38}}]},"11":{"loc":{"start":{"line":70,"column":10},"end":{"line":70,"column":null}},"type":"if","locations":[{"start":{"line":70,"column":10},"end":{"line":70,"column":null}},{"start":{},"end":{}}]},"12":{"loc":{"start":{"line":70,"column":14},"end":{"line":70,"column":43}},"type":"binary-expr","locations":[{"start":{"line":70,"column":14},"end":{"line":70,"column":29}},{"start":{"line":70,"column":29},"end":{"line":70,"column":43}}]},"13":{"loc":{"start":{"line":71,"column":25},"end":{"line":71,"column":null}},"type":"cond-expr","locations":[{"start":{"line":71,"column":38},"end":{"line":71,"column":53}},{"start":{"line":71,"column":53},"end":{"line":71,"column":null}}]},"14":{"loc":{"start":{"line":83,"column":4},"end":{"line":83,"column":null}},"type":"if","locations":[{"start":{"line":83,"column":4},"end":{"line":83,"column":null}},{"start":{},"end":{}}]},"15":{"loc":{"start":{"line":83,"column":8},"end":{"line":83,"column":53}},"type":"binary-expr","locations":[{"start":{"line":83,"column":8},"end":{"line":83,"column":35}},{"start":{"line":83,"column":35},"end":{"line":83,"column":53}}]},"16":{"loc":{"start":{"line":87,"column":6},"end":{"line":87,"column":null}},"type":"if","locations":[{"start":{"line":87,"column":6},"end":{"line":87,"column":null}},{"start":{},"end":{}}]},"17":{"loc":{"start":{"line":89,"column":4},"end":{"line":89,"column":null}},"type":"if","locations":[{"start":{"line":89,"column":4},"end":{"line":89,"column":null}},{"start":{},"end":{}}]},"18":{"loc":{"start":{"line":95,"column":6},"end":{"line":95,"column":null}},"type":"if","locations":[{"start":{"line":95,"column":6},"end":{"line":95,"column":null}},{"start":{},"end":{}}]},"19":{"loc":{"start":{"line":95,"column":10},"end":{"line":95,"column":48}},"type":"binary-expr","locations":[{"start":{"line":95,"column":10},"end":{"line":95,"column":33}},{"start":{"line":95,"column":33},"end":{"line":95,"column":48}}]},"20":{"loc":{"start":{"line":97,"column":6},"end":{"line":109,"column":null}},"type":"if","locations":[{"start":{"line":97,"column":6},"end":{"line":109,"column":null}},{"start":{},"end":{}}]},"21":{"loc":{"start":{"line":98,"column":8},"end":{"line":105,"column":null}},"type":"if","locations":[{"start":{"line":98,"column":8},"end":{"line":105,"column":null}},{"start":{},"end":{}}]},"22":{"loc":{"start":{"line":106,"column":8},"end":{"line":107,"column":null}},"type":"if","locations":[{"start":{"line":106,"column":8},"end":{"line":107,"column":null}},{"start":{"line":107,"column":13},"end":{"line":107,"column":null}}]},"23":{"loc":{"start":{"line":107,"column":24},"end":{"line":107,"column":null}},"type":"cond-expr","locations":[{"start":{"line":107,"column":42},"end":{"line":107,"column":50}},{"start":{"line":107,"column":50},"end":{"line":107,"column":null}}]},"24":{"loc":{"start":{"line":111,"column":6},"end":{"line":116,"column":null}},"type":"if","locations":[{"start":{"line":111,"column":6},"end":{"line":116,"column":null}},{"start":{},"end":{}}]},"25":{"loc":{"start":{"line":113,"column":8},"end":{"line":114,"column":null}},"type":"if","locations":[{"start":{"line":113,"column":8},"end":{"line":114,"column":null}},{"start":{"line":114,"column":13},"end":{"line":114,"column":null}}]},"26":{"loc":{"start":{"line":114,"column":13},"end":{"line":114,"column":null}},"type":"if","locations":[{"start":{"line":114,"column":13},"end":{"line":114,"column":null}},{"start":{},"end":{}}]},"27":{"loc":{"start":{"line":118,"column":6},"end":{"line":125,"column":null}},"type":"if","locations":[{"start":{"line":118,"column":6},"end":{"line":125,"column":null}},{"start":{},"end":{}}]},"28":{"loc":{"start":{"line":127,"column":6},"end":{"line":134,"column":null}},"type":"if","locations":[{"start":{"line":127,"column":6},"end":{"line":134,"column":null}},{"start":{},"end":{}}]},"29":{"loc":{"start":{"line":131,"column":19},"end":{"line":131,"column":null}},"type":"cond-expr","locations":[{"start":{"line":131,"column":61},"end":{"line":131,"column":67}},{"start":{"line":131,"column":67},"end":{"line":131,"column":null}}]},"30":{"loc":{"start":{"line":131,"column":19},"end":{"line":131,"column":61}},"type":"binary-expr","locations":[{"start":{"line":131,"column":19},"end":{"line":131,"column":40}},{"start":{"line":131,"column":40},"end":{"line":131,"column":61}}]},"31":{"loc":{"start":{"line":132,"column":8},"end":{"line":132,"column":null}},"type":"if","locations":[{"start":{"line":132,"column":8},"end":{"line":132,"column":null}},{"start":{},"end":{}}]},"32":{"loc":{"start":{"line":132,"column":12},"end":{"line":132,"column":76}},"type":"binary-expr","locations":[{"start":{"line":132,"column":12},"end":{"line":132,"column":34}},{"start":{"line":132,"column":34},"end":{"line":132,"column":55}},{"start":{"line":132,"column":55},"end":{"line":132,"column":72}}]},"33":{"loc":{"start":{"line":136,"column":6},"end":{"line":141,"column":null}},"type":"if","locations":[{"start":{"line":136,"column":6},"end":{"line":141,"column":null}},{"start":{},"end":{}}]},"34":{"loc":{"start":{"line":137,"column":8},"end":{"line":137,"column":null}},"type":"if","locations":[{"start":{"line":137,"column":8},"end":{"line":137,"column":null}},{"start":{},"end":{}}]},"35":{"loc":{"start":{"line":138,"column":19},"end":{"line":138,"column":null}},"type":"cond-expr","locations":[{"start":{"line":138,"column":45},"end":{"line":138,"column":64}},{"start":{"line":138,"column":64},"end":{"line":138,"column":null}}]},"36":{"loc":{"start":{"line":143,"column":6},"end":{"line":148,"column":null}},"type":"if","locations":[{"start":{"line":143,"column":6},"end":{"line":148,"column":null}},{"start":{},"end":{}}]},"37":{"loc":{"start":{"line":150,"column":6},"end":{"line":168,"column":null}},"type":"if","locations":[{"start":{"line":150,"column":6},"end":{"line":168,"column":null}},{"start":{},"end":{}}]},"38":{"loc":{"start":{"line":152,"column":8},"end":{"line":155,"column":null}},"type":"if","locations":[{"start":{"line":152,"column":8},"end":{"line":155,"column":null}},{"start":{},"end":{}}]},"39":{"loc":{"start":{"line":152,"column":12},"end":{"line":152,"column":93}},"type":"binary-expr","locations":[{"start":{"line":152,"column":12},"end":{"line":152,"column":29}},{"start":{"line":152,"column":29},"end":{"line":152,"column":48}},{"start":{"line":152,"column":48},"end":{"line":152,"column":75}},{"start":{"line":152,"column":75},"end":{"line":152,"column":93}}]},"40":{"loc":{"start":{"line":156,"column":8},"end":{"line":164,"column":null}},"type":"if","locations":[{"start":{"line":156,"column":8},"end":{"line":164,"column":null}},{"start":{},"end":{}}]},"41":{"loc":{"start":{"line":157,"column":10},"end":{"line":163,"column":null}},"type":"if","locations":[{"start":{"line":157,"column":10},"end":{"line":163,"column":null}},{"start":{"line":158,"column":15},"end":{"line":163,"column":null}}]},"42":{"loc":{"start":{"line":170,"column":6},"end":{"line":183,"column":null}},"type":"if","locations":[{"start":{"line":170,"column":6},"end":{"line":183,"column":null}},{"start":{},"end":{}}]},"43":{"loc":{"start":{"line":172,"column":8},"end":{"line":181,"column":null}},"type":"if","locations":[{"start":{"line":172,"column":8},"end":{"line":181,"column":null}},{"start":{},"end":{}}]},"44":{"loc":{"start":{"line":172,"column":12},"end":{"line":172,"column":54}},"type":"binary-expr","locations":[{"start":{"line":172,"column":12},"end":{"line":172,"column":37}},{"start":{"line":172,"column":37},"end":{"line":172,"column":54}}]},"45":{"loc":{"start":{"line":174,"column":12},"end":{"line":174,"column":null}},"type":"cond-expr","locations":[{"start":{"line":174,"column":30},"end":{"line":174,"column":95}},{"start":{"line":174,"column":95},"end":{"line":174,"column":null}}]},"46":{"loc":{"start":{"line":175,"column":12},"end":{"line":175,"column":null}},"type":"cond-expr","locations":[{"start":{"line":175,"column":32},"end":{"line":175,"column":42}},{"start":{"line":175,"column":42},"end":{"line":175,"column":null}}]},"47":{"loc":{"start":{"line":190,"column":6},"end":{"line":192,"column":null}},"type":"if","locations":[{"start":{"line":190,"column":6},"end":{"line":192,"column":null}},{"start":{},"end":{}}]},"48":{"loc":{"start":{"line":190,"column":10},"end":{"line":190,"column":109}},"type":"binary-expr","locations":[{"start":{"line":190,"column":10},"end":{"line":190,"column":43}},{"start":{"line":190,"column":43},"end":{"line":190,"column":64}},{"start":{"line":190,"column":64},"end":{"line":190,"column":86}},{"start":{"line":190,"column":86},"end":{"line":190,"column":109}}]},"49":{"loc":{"start":{"line":193,"column":6},"end":{"line":209,"column":null}},"type":"if","locations":[{"start":{"line":193,"column":6},"end":{"line":209,"column":null}},{"start":{},"end":{}}]},"50":{"loc":{"start":{"line":197,"column":8},"end":{"line":197,"column":null}},"type":"if","locations":[{"start":{"line":197,"column":8},"end":{"line":197,"column":null}},{"start":{},"end":{}}]},"51":{"loc":{"start":{"line":201,"column":8},"end":{"line":206,"column":null}},"type":"switch","locations":[{"start":{"line":202,"column":10},"end":{"line":202,"column":null}},{"start":{"line":203,"column":10},"end":{"line":203,"column":null}},{"start":{"line":204,"column":10},"end":{"line":204,"column":null}},{"start":{"line":205,"column":10},"end":{"line":205,"column":null}}]},"52":{"loc":{"start":{"line":202,"column":26},"end":{"line":202,"column":72}},"type":"if","locations":[{"start":{"line":202,"column":26},"end":{"line":202,"column":72}},{"start":{},"end":{}}]},"53":{"loc":{"start":{"line":203,"column":28},"end":{"line":203,"column":91}},"type":"if","locations":[{"start":{"line":203,"column":28},"end":{"line":203,"column":91}},{"start":{},"end":{}}]},"54":{"loc":{"start":{"line":204,"column":28},"end":{"line":204,"column":71}},"type":"if","locations":[{"start":{"line":204,"column":28},"end":{"line":204,"column":71}},{"start":{},"end":{}}]},"55":{"loc":{"start":{"line":205,"column":29},"end":{"line":205,"column":79}},"type":"if","locations":[{"start":{"line":205,"column":29},"end":{"line":205,"column":79}},{"start":{},"end":{}}]},"56":{"loc":{"start":{"line":207,"column":8},"end":{"line":207,"column":null}},"type":"if","locations":[{"start":{"line":207,"column":8},"end":{"line":207,"column":null}},{"start":{},"end":{}}]},"57":{"loc":{"start":{"line":207,"column":12},"end":{"line":207,"column":54}},"type":"binary-expr","locations":[{"start":{"line":207,"column":12},"end":{"line":207,"column":29}},{"start":{"line":207,"column":29},"end":{"line":207,"column":54}}]},"58":{"loc":{"start":{"line":210,"column":6},"end":{"line":214,"column":null}},"type":"if","locations":[{"start":{"line":210,"column":6},"end":{"line":214,"column":null}},{"start":{},"end":{}}]},"59":{"loc":{"start":{"line":210,"column":10},"end":{"line":210,"column":55}},"type":"binary-expr","locations":[{"start":{"line":210,"column":10},"end":{"line":210,"column":31}},{"start":{"line":210,"column":31},"end":{"line":210,"column":55}}]},"60":{"loc":{"start":{"line":215,"column":6},"end":{"line":221,"column":null}},"type":"if","locations":[{"start":{"line":215,"column":6},"end":{"line":221,"column":null}},{"start":{"line":216,"column":11},"end":{"line":221,"column":null}}]},"61":{"loc":{"start":{"line":216,"column":11},"end":{"line":221,"column":null}},"type":"if","locations":[{"start":{"line":216,"column":11},"end":{"line":221,"column":null}},{"start":{"line":217,"column":11},"end":{"line":221,"column":null}}]},"62":{"loc":{"start":{"line":217,"column":11},"end":{"line":221,"column":null}},"type":"if","locations":[{"start":{"line":217,"column":11},"end":{"line":221,"column":null}},{"start":{"line":218,"column":11},"end":{"line":221,"column":null}}]},"63":{"loc":{"start":{"line":218,"column":11},"end":{"line":221,"column":null}},"type":"if","locations":[{"start":{"line":218,"column":11},"end":{"line":221,"column":null}},{"start":{"line":219,"column":11},"end":{"line":221,"column":null}}]},"64":{"loc":{"start":{"line":218,"column":15},"end":{"line":218,"column":79}},"type":"binary-expr","locations":[{"start":{"line":218,"column":15},"end":{"line":218,"column":33}},{"start":{"line":218,"column":33},"end":{"line":218,"column":54}},{"start":{"line":218,"column":54},"end":{"line":218,"column":79}}]},"65":{"loc":{"start":{"line":219,"column":11},"end":{"line":221,"column":null}},"type":"if","locations":[{"start":{"line":219,"column":11},"end":{"line":221,"column":null}},{"start":{"line":220,"column":11},"end":{"line":221,"column":null}}]},"66":{"loc":{"start":{"line":219,"column":15},"end":{"line":219,"column":69}},"type":"binary-expr","locations":[{"start":{"line":219,"column":15},"end":{"line":219,"column":32}},{"start":{"line":219,"column":32},"end":{"line":219,"column":49}},{"start":{"line":219,"column":49},"end":{"line":219,"column":69}}]},"67":{"loc":{"start":{"line":220,"column":11},"end":{"line":221,"column":null}},"type":"if","locations":[{"start":{"line":220,"column":11},"end":{"line":221,"column":null}},{"start":{"line":221,"column":11},"end":{"line":221,"column":null}}]},"68":{"loc":{"start":{"line":221,"column":11},"end":{"line":221,"column":null}},"type":"if","locations":[{"start":{"line":221,"column":11},"end":{"line":221,"column":null}},{"start":{},"end":{}}]},"69":{"loc":{"start":{"line":230,"column":21},"end":{"line":230,"column":null}},"type":"binary-expr","locations":[{"start":{"line":230,"column":21},"end":{"line":230,"column":50}},{"start":{"line":230,"column":50},"end":{"line":230,"column":null}}]},"70":{"loc":{"start":{"line":231,"column":4},"end":{"line":231,"column":null}},"type":"if","locations":[{"start":{"line":231,"column":4},"end":{"line":231,"column":null}},{"start":{},"end":{}}]},"71":{"loc":{"start":{"line":232,"column":4},"end":{"line":232,"column":null}},"type":"if","locations":[{"start":{"line":232,"column":4},"end":{"line":232,"column":null}},{"start":{},"end":{}}]},"72":{"loc":{"start":{"line":232,"column":140},"end":{"line":232,"column":null}},"type":"binary-expr","locations":[{"start":{"line":232,"column":140},"end":{"line":232,"column":152}},{"start":{"line":232,"column":152},"end":{"line":232,"column":null}}]},"73":{"loc":{"start":{"line":233,"column":4},"end":{"line":233,"column":null}},"type":"if","locations":[{"start":{"line":233,"column":4},"end":{"line":233,"column":null}},{"start":{},"end":{}}]},"74":{"loc":{"start":{"line":241,"column":9},"end":{"line":241,"column":28}},"type":"binary-expr","locations":[{"start":{"line":241,"column":9},"end":{"line":241,"column":28}}]},"75":{"loc":{"start":{"line":264,"column":16},"end":{"line":264,"column":null}},"type":"binary-expr","locations":[{"start":{"line":264,"column":16},"end":{"line":264,"column":30}},{"start":{"line":264,"column":30},"end":{"line":264,"column":null}}]},"76":{"loc":{"start":{"line":265,"column":16},"end":{"line":265,"column":null}},"type":"binary-expr","locations":[{"start":{"line":265,"column":16},"end":{"line":265,"column":26}},{"start":{"line":265,"column":26},"end":{"line":265,"column":null}}]}},"s":{"0":10,"1":1,"2":1,"3":1,"4":72,"5":72,"6":72,"7":72,"8":72,"9":72,"10":72,"11":72,"12":176,"13":1,"14":175,"15":175,"16":175,"17":72,"18":10,"19":0,"20":10,"21":10,"22":16,"23":16,"24":16,"25":10,"26":10,"27":10,"28":10,"29":16,"30":16,"31":8,"32":8,"33":8,"34":0,"35":8,"36":6,"37":2,"38":1,"39":1,"40":7,"41":8,"42":9,"43":9,"44":8,"45":8,"46":8,"47":8,"48":8,"49":0,"50":8,"51":8,"52":0,"53":9,"54":0,"55":72,"56":106,"57":38,"58":68,"59":68,"60":104,"61":104,"62":104,"63":68,"64":0,"65":68,"66":72,"67":62,"68":0,"69":62,"70":34,"71":1,"72":1,"73":1,"74":1,"75":1,"76":1,"77":33,"78":15,"79":18,"80":33,"81":28,"82":1,"83":1,"84":0,"85":1,"86":1,"87":1,"88":27,"89":0,"90":0,"91":0,"92":0,"93":0,"94":0,"95":27,"96":0,"97":0,"98":0,"99":0,"100":0,"101":0,"102":0,"103":27,"104":1,"105":0,"106":1,"107":1,"108":1,"109":26,"110":0,"111":0,"112":0,"113":0,"114":26,"115":16,"116":16,"117":1,"118":1,"119":15,"120":15,"121":0,"122":15,"123":15,"124":15,"125":15,"126":0,"127":0,"128":0,"129":10,"130":10,"131":10,"132":10,"133":10,"134":10,"135":10,"136":10,"137":10,"138":72,"139":72,"140":0,"141":0,"142":0,"143":0,"144":0,"145":0,"146":0,"147":0,"148":0,"149":0,"150":0,"151":0,"152":0,"153":0,"154":0,"155":0,"156":0,"157":0,"158":0,"159":0,"160":0,"161":0,"162":0,"163":0,"164":0,"165":0,"166":0,"167":0,"168":0,"169":0,"170":0,"171":0,"172":0,"173":0,"174":0,"175":0,"176":0,"177":0,"178":0,"179":0,"180":0,"181":0,"182":0,"183":0,"184":0,"185":72,"186":72,"187":72,"188":72,"189":1440,"190":1440,"191":1440,"192":1440,"193":72,"194":1368,"195":288,"196":1080,"197":288,"198":792,"199":1440,"200":1440,"201":1440,"202":62},"f":{"0":72,"1":176,"2":10,"3":106,"4":62,"5":72,"6":0,"7":72,"8":1440,"9":1440,"10":62},"b":{"0":[1,175],"1":[0,10],"2":[16,0],"3":[8,8],"4":[16,10],"5":[0,8],"6":[8,8],"7":[6,2],"8":[1,1],"9":[8,0],"10":[8,3],"11":[0,8],"12":[8,8],"13":[5,3],"14":[38,68],"15":[106,38],"16":[104,0],"17":[0,68],"18":[0,62],"19":[62,0],"20":[34,28],"21":[1,33],"22":[15,18],"23":[9,9],"24":[1,27],"25":[0,1],"26":[1,0],"27":[0,27],"28":[0,27],"29":[0,0],"30":[0,0],"31":[0,0],"32":[0,0,0],"33":[1,26],"34":[0,1],"35":[0,1],"36":[0,26],"37":[16,10],"38":[1,15],"39":[16,4,1,1],"40":[15,0],"41":[0,15],"42":[10,0],"43":[10,0],"44":[10,0],"45":[0,10],"46":[0,10],"47":[0,0],"48":[0,0,0,0],"49":[0,0],"50":[0,0],"51":[0,0,0,0],"52":[0,0],"53":[0,0],"54":[0,0],"55":[0,0],"56":[0,0],"57":[0,0],"58":[0,0],"59":[0,0],"60":[0,0],"61":[0,0],"62":[0,0],"63":[0,0],"64":[0,0,0],"65":[0,0],"66":[0,0,0],"67":[0,0],"68":[0,0],"69":[1440,0],"70":[72,1368],"71":[288,1080],"72":[288,0],"73":[288,792],"74":[72],"75":[1440,0],"76":[1440,72]}}
,"/Users/florianariasu/test/react-calculator-app/components/theme-provider.tsx": {"path":"/Users/florianariasu/test/react-calculator-app/components/theme-provider.tsx","statementMap":{"0":{"start":{"line":9,"column":16},"end":{"line":9,"column":30}},"1":{"start":{"line":3,"column":23},"end":{"line":3,"column":null}},"2":{"start":{"line":7,"column":7},"end":{"line":7,"column":null}}},"fnMap":{"0":{"name":"ThemeProvider","decl":{"start":{"line":9,"column":16},"end":{"line":9,"column":30}},"loc":{"start":{"line":9,"column":72},"end":{"line":11,"column":null}}}},"branchMap":{},"s":{"0":0,"1":0,"2":0},"f":{"0":0},"b":{}}
,"/Users/florianariasu/test/react-calculator-app/components/ui/accordion.tsx": {"path":"/Users/florianariasu/test/react-calculator-app/components/ui/accordion.tsx","statementMap":{"0":{"start":{"line":66,"column":9},"end":{"line":66,"column":18}},"1":{"start":{"line":66,"column":53},"end":{"line":66,"column":69}},"2":{"start":{"line":66,"column":20},"end":{"line":66,"column":33}},"3":{"start":{"line":66,"column":35},"end":{"line":66,"column":51}},"4":{"start":{"line":3,"column":23},"end":{"line":3,"column":null}},"5":{"start":{"line":4,"column":36},"end":{"line":4,"column":null}},"6":{"start":{"line":5,"column":32},"end":{"line":5,"column":null}},"7":{"start":{"line":7,"column":19},"end":{"line":7,"column":null}}},"fnMap":{"0":{"name":"Accordion","decl":{"start":{"line":9,"column":9},"end":{"line":9,"column":19}},"loc":{"start":{"line":11,"column":55},"end":{"line":13,"column":null}}},"1":{"name":"AccordionItem","decl":{"start":{"line":15,"column":9},"end":{"line":15,"column":23}},"loc":{"start":{"line":18,"column":55},"end":{"line":26,"column":null}}},"2":{"name":"AccordionTrigger","decl":{"start":{"line":28,"column":9},"end":{"line":28,"column":26}},"loc":{"start":{"line":32,"column":58},"end":{"line":48,"column":null}}},"3":{"name":"AccordionContent","decl":{"start":{"line":50,"column":9},"end":{"line":50,"column":26}},"loc":{"start":{"line":54,"column":58},"end":{"line":64,"column":null}}}},"branchMap":{},"s":{"0":0,"1":0,"2":0,"3":0,"4":0,"5":0,"6":0,"7":0},"f":{"0":0,"1":0,"2":0,"3":0},"b":{}}
,"/Users/florianariasu/test/react-calculator-app/components/ui/alert-dialog.tsx": {"path":"/Users/florianariasu/test/react-calculator-app/components/ui/alert-dialog.tsx","statementMap":{"0":{"start":{"line":146,"column":2},"end":{"line":146,"column":13}},"1":{"start":{"line":155,"column":2},"end":{"line":155,"column":19}},"2":{"start":{"line":156,"column":2},"end":{"line":156,"column":19}},"3":{"start":{"line":150,"column":2},"end":{"line":150,"column":20}},"4":{"start":{"line":154,"column":2},"end":{"line":154,"column":24}},"5":{"start":{"line":152,"column":2},"end":{"line":152,"column":19}},"6":{"start":{"line":151,"column":2},"end":{"line":151,"column":19}},"7":{"start":{"line":148,"column":2},"end":{"line":148,"column":20}},"8":{"start":{"line":147,"column":2},"end":{"line":147,"column":19}},"9":{"start":{"line":153,"column":2},"end":{"line":153,"column":18}},"10":{"start":{"line":149,"column":2},"end":{"line":149,"column":20}},"11":{"start":{"line":3,"column":23},"end":{"line":3,"column":null}},"12":{"start":{"line":4,"column":38},"end":{"line":4,"column":null}},"13":{"start":{"line":6,"column":19},"end":{"line":6,"column":null}},"14":{"start":{"line":7,"column":31},"end":{"line":7,"column":null}}},"fnMap":{"0":{"name":"AlertDialog","decl":{"start":{"line":9,"column":9},"end":{"line":9,"column":21}},"loc":{"start":{"line":11,"column":57},"end":{"line":13,"column":null}}},"1":{"name":"AlertDialogTrigger","decl":{"start":{"line":15,"column":9},"end":{"line":15,"column":28}},"loc":{"start":{"line":17,"column":60},"end":{"line":21,"column":null}}},"2":{"name":"AlertDialogPortal","decl":{"start":{"line":23,"column":9},"end":{"line":23,"column":27}},"loc":{"start":{"line":25,"column":59},"end":{"line":29,"column":null}}},"3":{"name":"AlertDialogOverlay","decl":{"start":{"line":31,"column":9},"end":{"line":31,"column":28}},"loc":{"start":{"line":34,"column":60},"end":{"line":45,"column":null}}},"4":{"name":"AlertDialogContent","decl":{"start":{"line":47,"column":9},"end":{"line":47,"column":28}},"loc":{"start":{"line":50,"column":60},"end":{"line":64,"column":null}}},"5":{"name":"AlertDialogHeader","decl":{"start":{"line":66,"column":9},"end":{"line":66,"column":27}},"loc":{"start":{"line":69,"column":30},"end":{"line":77,"column":null}}},"6":{"name":"AlertDialogFooter","decl":{"start":{"line":79,"column":9},"end":{"line":79,"column":27}},"loc":{"start":{"line":82,"column":30},"end":{"line":93,"column":null}}},"7":{"name":"AlertDialogTitle","decl":{"start":{"line":95,"column":9},"end":{"line":95,"column":26}},"loc":{"start":{"line":98,"column":58},"end":{"line":106,"column":null}}},"8":{"name":"AlertDialogDescription","decl":{"start":{"line":108,"column":9},"end":{"line":108,"column":32}},"loc":{"start":{"line":111,"column":64},"end":{"line":119,"column":null}}},"9":{"name":"AlertDialogAction","decl":{"start":{"line":121,"column":9},"end":{"line":121,"column":27}},"loc":{"start":{"line":124,"column":59},"end":{"line":131,"column":null}}},"10":{"name":"AlertDialogCancel","decl":{"start":{"line":133,"column":9},"end":{"line":133,"column":27}},"loc":{"start":{"line":136,"column":59},"end":{"line":143,"column":null}}}},"branchMap":{},"s":{"0":0,"1":0,"2":0,"3":0,"4":0,"5":0,"6":0,"7":0,"8":0,"9":0,"10":0,"11":0,"12":0,"13":0,"14":0},"f":{"0":0,"1":0,"2":0,"3":0,"4":0,"5":0,"6":0,"7":0,"8":0,"9":0,"10":0},"b":{}}
,"/Users/florianariasu/test/react-calculator-app/components/ui/alert.tsx": {"path":"/Users/florianariasu/test/react-calculator-app/components/ui/alert.tsx","statementMap":{"0":{"start":{"line":66,"column":9},"end":{"line":66,"column":14}},"1":{"start":{"line":66,"column":28},"end":{"line":66,"column":44}},"2":{"start":{"line":66,"column":16},"end":{"line":66,"column":26}},"3":{"start":{"line":1,"column":23},"end":{"line":1,"column":null}},"4":{"start":{"line":2,"column":39},"end":{"line":2,"column":null}},"5":{"start":{"line":4,"column":19},"end":{"line":4,"column":null}},"6":{"start":{"line":6,"column":22},"end":{"line":19,"column":null}}},"fnMap":{"0":{"name":"Alert","decl":{"start":{"line":22,"column":9},"end":{"line":22,"column":15}},"loc":{"start":{"line":26,"column":67},"end":{"line":35,"column":null}}},"1":{"name":"AlertTitle","decl":{"start":{"line":37,"column":9},"end":{"line":37,"column":20}},"loc":{"start":{"line":37,"column":72},"end":{"line":48,"column":null}}},"2":{"name":"AlertDescription","decl":{"start":{"line":50,"column":9},"end":{"line":50,"column":26}},"loc":{"start":{"line":53,"column":30},"end":{"line":64,"column":null}}}},"branchMap":{},"s":{"0":0,"1":0,"2":0,"3":0,"4":0,"5":0,"6":0},"f":{"0":0,"1":0,"2":0},"b":{}}
,"/Users/florianariasu/test/react-calculator-app/components/ui/aspect-ratio.tsx": {"path":"/Users/florianariasu/test/react-calculator-app/components/ui/aspect-ratio.tsx","statementMap":{"0":{"start":{"line":11,"column":9},"end":{"line":11,"column":null}},"1":{"start":{"line":3,"column":38},"end":{"line":3,"column":null}}},"fnMap":{"0":{"name":"AspectRatio","decl":{"start":{"line":5,"column":9},"end":{"line":5,"column":21}},"loc":{"start":{"line":7,"column":57},"end":{"line":9,"column":null}}}},"branchMap":{},"s":{"0":0,"1":0},"f":{"0":0},"b":{}}
,"/Users/florianariasu/test/react-calculator-app/components/ui/avatar.tsx": {"path":"/Users/florianariasu/test/react-calculator-app/components/ui/avatar.tsx","statementMap":{"0":{"start":{"line":53,"column":9},"end":{"line":53,"column":15}},"1":{"start":{"line":53,"column":30},"end":{"line":53,"column":44}},"2":{"start":{"line":53,"column":17},"end":{"line":53,"column":28}},"3":{"start":{"line":3,"column":23},"end":{"line":3,"column":null}},"4":{"start":{"line":4,"column":33},"end":{"line":4,"column":null}},"5":{"start":{"line":6,"column":19},"end":{"line":6,"column":null}}},"fnMap":{"0":{"name":"Avatar","decl":{"start":{"line":8,"column":9},"end":{"line":8,"column":16}},"loc":{"start":{"line":11,"column":52},"end":{"line":22,"column":null}}},"1":{"name":"AvatarImage","decl":{"start":{"line":24,"column":9},"end":{"line":24,"column":21}},"loc":{"start":{"line":27,"column":53},"end":{"line":35,"column":null}}},"2":{"name":"AvatarFallback","decl":{"start":{"line":37,"column":9},"end":{"line":37,"column":24}},"loc":{"start":{"line":40,"column":56},"end":{"line":51,"column":null}}}},"branchMap":{},"s":{"0":0,"1":0,"2":0,"3":0,"4":0,"5":0},"f":{"0":0,"1":0,"2":0},"b":{}}
,"/Users/florianariasu/test/react-calculator-app/components/ui/badge.tsx": {"path":"/Users/florianariasu/test/react-calculator-app/components/ui/badge.tsx","statementMap":{"0":{"start":{"line":46,"column":9},"end":{"line":46,"column":14}},"1":{"start":{"line":46,"column":16},"end":{"line":46,"column":29}},"2":{"start":{"line":1,"column":23},"end":{"line":1,"column":null}},"3":{"start":{"line":2,"column":21},"end":{"line":2,"column":null}},"4":{"start":{"line":3,"column":39},"end":{"line":3,"column":null}},"5":{"start":{"line":5,"column":19},"end":{"line":5,"column":null}},"6":{"start":{"line":7,"column":22},"end":{"line":25,"column":null}},"7":{"start":{"line":35,"column":15},"end":{"line":35,"column":null}}},"fnMap":{"0":{"name":"Badge","decl":{"start":{"line":28,"column":9},"end":{"line":28,"column":15}},"loc":{"start":{"line":34,"column":60},"end":{"line":44,"column":null}}}},"branchMap":{"0":{"loc":{"start":{"line":31,"column":2},"end":{"line":31,"column":17}},"type":"default-arg","locations":[{"start":{"line":31,"column":12},"end":{"line":31,"column":17}}]},"1":{"loc":{"start":{"line":35,"column":15},"end":{"line":35,"column":null}},"type":"cond-expr","locations":[{"start":{"line":35,"column":25},"end":{"line":35,"column":29}},{"start":{"line":35,"column":32},"end":{"line":35,"column":null}}]}},"s":{"0":0,"1":0,"2":0,"3":0,"4":0,"5":0,"6":0,"7":0},"f":{"0":0},"b":{"0":[0],"1":[0,0]}}
,"/Users/florianariasu/test/react-calculator-app/components/ui/breadcrumb.tsx": {"path":"/Users/florianariasu/test/react-calculator-app/components/ui/breadcrumb.tsx","statementMap":{"0":{"start":{"line":102,"column":2},"end":{"line":102,"column":12}},"1":{"start":{"line":108,"column":2},"end":{"line":108,"column":20}},"2":{"start":{"line":104,"column":2},"end":{"line":104,"column":16}},"3":{"start":{"line":105,"column":2},"end":{"line":105,"column":16}},"4":{"start":{"line":103,"column":2},"end":{"line":103,"column":16}},"5":{"start":{"line":106,"column":2},"end":{"line":106,"column":16}},"6":{"start":{"line":107,"column":2},"end":{"line":107,"column":21}},"7":{"start":{"line":1,"column":23},"end":{"line":1,"column":null}},"8":{"start":{"line":2,"column":21},"end":{"line":2,"column":null}},"9":{"start":{"line":3,"column":45},"end":{"line":3,"column":null}},"10":{"start":{"line":5,"column":19},"end":{"line":5,"column":null}},"11":{"start":{"line":41,"column":15},"end":{"line":41,"column":null}}},"fnMap":{"0":{"name":"Breadcrumb","decl":{"start":{"line":7,"column":9},"end":{"line":7,"column":20}},"loc":{"start":{"line":7,"column":61},"end":{"line":9,"column":null}}},"1":{"name":"BreadcrumbList","decl":{"start":{"line":11,"column":9},"end":{"line":11,"column":24}},"loc":{"start":{"line":11,"column":75},"end":{"line":22,"column":null}}},"2":{"name":"BreadcrumbItem","decl":{"start":{"line":24,"column":9},"end":{"line":24,"column":24}},"loc":{"start":{"line":24,"column":75},"end":{"line":32,"column":null}}},"3":{"name":"BreadcrumbLink","decl":{"start":{"line":34,"column":9},"end":{"line":34,"column":24}},"loc":{"start":{"line":40,"column":1},"end":{"line":50,"column":null}}},"4":{"name":"BreadcrumbPage","decl":{"start":{"line":52,"column":9},"end":{"line":52,"column":24}},"loc":{"start":{"line":52,"column":77},"end":{"line":63,"column":null}}},"5":{"name":"BreadcrumbSeparator","decl":{"start":{"line":65,"column":9},"end":{"line":65,"column":29}},"loc":{"start":{"line":69,"column":29},"end":{"line":81,"column":null}}},"6":{"name":"BreadcrumbEllipsis","decl":{"start":{"line":83,"column":9},"end":{"line":83,"column":28}},"loc":{"start":{"line":86,"column":31},"end":{"line":99,"column":null}}}},"branchMap":{"0":{"loc":{"start":{"line":41,"column":15},"end":{"line":41,"column":null}},"type":"cond-expr","locations":[{"start":{"line":41,"column":25},"end":{"line":41,"column":29}},{"start":{"line":41,"column":32},"end":{"line":41,"column":null}}]},"1":{"loc":{"start":{"line":78,"column":7},"end":{"line":78,"column":null}},"type":"binary-expr","locations":[{"start":{"line":78,"column":7},"end":{"line":78,"column":19}},{"start":{"line":78,"column":19},"end":{"line":78,"column":null}}]}},"s":{"0":0,"1":0,"2":0,"3":0,"4":0,"5":0,"6":0,"7":0,"8":0,"9":0,"10":0,"11":0},"f":{"0":0,"1":0,"2":0,"3":0,"4":0,"5":0,"6":0},"b":{"0":[0,0],"1":[0,0]}}
,"/Users/florianariasu/test/react-calculator-app/components/ui/button-group.tsx": {"path":"/Users/florianariasu/test/react-calculator-app/components/ui/button-group.tsx","statementMap":{"0":{"start":{"line":79,"column":2},"end":{"line":79,"column":13}},"1":{"start":{"line":80,"column":2},"end":{"line":80,"column":22}},"2":{"start":{"line":81,"column":2},"end":{"line":81,"column":17}},"3":{"start":{"line":82,"column":2},"end":{"line":82,"column":21}},"4":{"start":{"line":1,"column":21},"end":{"line":1,"column":null}},"5":{"start":{"line":2,"column":39},"end":{"line":2,"column":null}},"6":{"start":{"line":4,"column":19},"end":{"line":4,"column":null}},"7":{"start":{"line":5,"column":26},"end":{"line":5,"column":null}},"8":{"start":{"line":7,"column":28},"end":{"line":21,"column":null}},"9":{"start":{"line":47,"column":15},"end":{"line":47,"column":null}}},"fnMap":{"0":{"name":"ButtonGroup","decl":{"start":{"line":24,"column":9},"end":{"line":24,"column":21}},"loc":{"start":{"line":28,"column":73},"end":{"line":38,"column":null}}},"1":{"name":"ButtonGroupText","decl":{"start":{"line":40,"column":9},"end":{"line":40,"column":25}},"loc":{"start":{"line":46,"column":1},"end":{"line":58,"column":null}}},"2":{"name":"ButtonGroupSeparator","decl":{"start":{"line":60,"column":9},"end":{"line":60,"column":30}},"loc":{"start":{"line":64,"column":41},"end":{"line":76,"column":null}}}},"branchMap":{"0":{"loc":{"start":{"line":42,"column":2},"end":{"line":42,"column":17}},"type":"default-arg","locations":[{"start":{"line":42,"column":12},"end":{"line":42,"column":17}}]},"1":{"loc":{"start":{"line":47,"column":15},"end":{"line":47,"column":null}},"type":"cond-expr","locations":[{"start":{"line":47,"column":25},"end":{"line":47,"column":29}},{"start":{"line":47,"column":32},"end":{"line":47,"column":null}}]},"2":{"loc":{"start":{"line":62,"column":2},"end":{"line":62,"column":26}},"type":"default-arg","locations":[{"start":{"line":62,"column":16},"end":{"line":62,"column":26}}]}},"s":{"0":0,"1":0,"2":0,"3":0,"4":0,"5":0,"6":0,"7":0,"8":0,"9":0},"f":{"0":0,"1":0,"2":0},"b":{"0":[0],"1":[0,0],"2":[0]}}
,"/Users/florianariasu/test/react-calculator-app/components/ui/button.tsx": {"path":"/Users/florianariasu/test/react-calculator-app/components/ui/button.tsx","statementMap":{"0":{"start":{"line":60,"column":9},"end":{"line":60,"column":15}},"1":{"start":{"line":60,"column":17},"end":{"line":60,"column":31}},"2":{"start":{"line":1,"column":23},"end":{"line":1,"column":null}},"3":{"start":{"line":2,"column":21},"end":{"line":2,"column":null}},"4":{"start":{"line":3,"column":39},"end":{"line":3,"column":null}},"5":{"start":{"line":5,"column":19},"end":{"line":5,"column":null}},"6":{"start":{"line":7,"column":23},"end":{"line":36,"column":null}},"7":{"start":{"line":49,"column":15},"end":{"line":49,"column":null}}},"fnMap":{"0":{"name":"Button","decl":{"start":{"line":39,"column":9},"end":{"line":39,"column":16}},"loc":{"start":{"line":48,"column":3},"end":{"line":58,"column":null}}}},"branchMap":{"0":{"loc":{"start":{"line":43,"column":2},"end":{"line":43,"column":17}},"type":"default-arg","locations":[{"start":{"line":43,"column":12},"end":{"line":43,"column":17}}]},"1":{"loc":{"start":{"line":49,"column":15},"end":{"line":49,"column":null}},"type":"cond-expr","locations":[{"start":{"line":49,"column":25},"end":{"line":49,"column":29}},{"start":{"line":49,"column":32},"end":{"line":49,"column":null}}]}},"s":{"0":1440,"1":0,"2":1,"3":1,"4":1,"5":1,"6":1,"7":1440},"f":{"0":1440},"b":{"0":[1440],"1":[0,1440]}}
,"/Users/florianariasu/test/react-calculator-app/components/ui/calendar.tsx": {"path":"/Users/florianariasu/test/react-calculator-app/components/ui/calendar.tsx","statementMap":{"0":{"start":{"line":213,"column":9},"end":{"line":213,"column":17}},"1":{"start":{"line":213,"column":19},"end":{"line":213,"column":36}},"2":{"start":{"line":3,"column":23},"end":{"line":3,"column":null}},"3":{"start":{"line":8,"column":7},"end":{"line":8,"column":null}},"4":{"start":{"line":9,"column":59},"end":{"line":9,"column":null}},"5":{"start":{"line":11,"column":19},"end":{"line":11,"column":null}},"6":{"start":{"line":12,"column":39},"end":{"line":12,"column":null}},"7":{"start":{"line":26,"column":28},"end":{"line":26,"column":null}},"8":{"start":{"line":40,"column":10},"end":{"line":40,"column":null}},"9":{"start":{"line":139,"column":10},"end":{"line":143,"column":null}},"10":{"start":{"line":145,"column":10},"end":{"line":152,"column":null}},"11":{"start":{"line":181,"column":28},"end":{"line":181,"column":null}},"12":{"start":{"line":183,"column":14},"end":{"line":183,"column":null}},"13":{"start":{"line":184,"column":2},"end":{"line":186,"column":null}},"14":{"start":{"line":185,"column":4},"end":{"line":185,"column":null}},"15":{"start":{"line":185,"column":27},"end":{"line":185,"column":null}}},"fnMap":{"0":{"name":"Calendar","decl":{"start":{"line":14,"column":9},"end":{"line":14,"column":18}},"loc":{"start":{"line":25,"column":1},"end":{"line":173,"column":null}}},"1":{"name":"(anonymous_7)","decl":{"start":{"line":39,"column":29},"end":{"line":39,"column":30}},"loc":{"start":{"line":40,"column":10},"end":{"line":40,"column":null}}},"2":{"name":"(anonymous_8)","decl":{"start":{"line":128,"column":14},"end":{"line":128,"column":15}},"loc":{"start":{"line":128,"column":47},"end":{"line":137,"column":null}}},"3":{"name":"(anonymous_9)","decl":{"start":{"line":138,"column":17},"end":{"line":138,"column":18}},"loc":{"start":{"line":138,"column":54},"end":{"line":157,"column":null}}},"4":{"name":"(anonymous_10)","decl":{"start":{"line":159,"column":20},"end":{"line":159,"column":21}},"loc":{"start":{"line":159,"column":43},"end":{"line":167,"column":null}}},"5":{"name":"CalendarDayButton","decl":{"start":{"line":175,"column":9},"end":{"line":175,"column":27}},"loc":{"start":{"line":180,"column":41},"end":{"line":211,"column":null}}},"6":{"name":"(anonymous_12)","decl":{"start":{"line":184,"column":18},"end":{"line":184,"column":null}},"loc":{"start":{"line":184,"column":18},"end":{"line":186,"column":5}}}},"branchMap":{"0":{"loc":{"start":{"line":17,"column":2},"end":{"line":17,"column":24}},"type":"default-arg","locations":[{"start":{"line":17,"column":20},"end":{"line":17,"column":24}}]},"1":{"loc":{"start":{"line":18,"column":2},"end":{"line":18,"column":25}},"type":"default-arg","locations":[{"start":{"line":18,"column":18},"end":{"line":18,"column":25}}]},"2":{"loc":{"start":{"line":19,"column":2},"end":{"line":19,"column":25}},"type":"default-arg","locations":[{"start":{"line":19,"column":18},"end":{"line":19,"column":25}}]},"3":{"loc":{"start":{"line":82,"column":10},"end":{"line":84,"column":null}},"type":"cond-expr","locations":[{"start":{"line":83,"column":14},"end":{"line":83,"column":null}},{"start":{"line":84,"column":14},"end":{"line":84,"column":null}}]},"4":{"loc":{"start":{"line":139,"column":10},"end":{"line":143,"column":null}},"type":"if","locations":[{"start":{"line":139,"column":10},"end":{"line":143,"column":null}},{"start":{},"end":{}}]},"5":{"loc":{"start":{"line":145,"column":10},"end":{"line":152,"column":null}},"type":"if","locations":[{"start":{"line":145,"column":10},"end":{"line":152,"column":null}},{"start":{},"end":{}}]},"6":{"loc":{"start":{"line":185,"column":4},"end":{"line":185,"column":null}},"type":"if","locations":[{"start":{"line":185,"column":4},"end":{"line":185,"column":null}},{"start":{},"end":{}}]},"7":{"loc":{"start":{"line":195,"column":8},"end":{"line":198,"column":31}},"type":"binary-expr","locations":[{"start":{"line":195,"column":8},"end":{"line":195,"column":26}},{"start":{"line":196,"column":8},"end":{"line":196,"column":30}},{"start":{"line":197,"column":8},"end":{"line":197,"column":28}},{"start":{"line":198,"column":8},"end":{"line":198,"column":31}}]}},"s":{"0":0,"1":0,"2":0,"3":0,"4":0,"5":0,"6":0,"7":0,"8":0,"9":0,"10":0,"11":0,"12":0,"13":0,"14":0,"15":0},"f":{"0":0,"1":0,"2":0,"3":0,"4":0,"5":0,"6":0},"b":{"0":[0],"1":[0],"2":[0],"3":[0,0],"4":[0,0],"5":[0,0],"6":[0,0],"7":[0,0,0,0]}}
,"/Users/florianariasu/test/react-calculator-app/components/ui/card.tsx": {"path":"/Users/florianariasu/test/react-calculator-app/components/ui/card.tsx","statementMap":{"0":{"start":{"line":85,"column":2},"end":{"line":85,"column":6}},"1":{"start":{"line":89,"column":2},"end":{"line":89,"column":12}},"2":{"start":{"line":91,"column":2},"end":{"line":91,"column":13}},"3":{"start":{"line":90,"column":2},"end":{"line":90,"column":17}},"4":{"start":{"line":87,"column":2},"end":{"line":87,"column":12}},"5":{"start":{"line":86,"column":2},"end":{"line":86,"column":12}},"6":{"start":{"line":88,"column":2},"end":{"line":88,"column":11}},"7":{"start":{"line":1,"column":23},"end":{"line":1,"column":null}},"8":{"start":{"line":3,"column":19},"end":{"line":3,"column":null}}},"fnMap":{"0":{"name":"Card","decl":{"start":{"line":5,"column":9},"end":{"line":5,"column":14}},"loc":{"start":{"line":5,"column":66},"end":{"line":16,"column":null}}},"1":{"name":"CardHeader","decl":{"start":{"line":18,"column":9},"end":{"line":18,"column":20}},"loc":{"start":{"line":18,"column":72},"end":{"line":29,"column":null}}},"2":{"name":"CardTitle","decl":{"start":{"line":31,"column":9},"end":{"line":31,"column":19}},"loc":{"start":{"line":31,"column":71},"end":{"line":39,"column":null}}},"3":{"name":"CardDescription","decl":{"start":{"line":41,"column":9},"end":{"line":41,"column":25}},"loc":{"start":{"line":41,"column":77},"end":{"line":49,"column":null}}},"4":{"name":"CardAction","decl":{"start":{"line":51,"column":9},"end":{"line":51,"column":20}},"loc":{"start":{"line":51,"column":72},"end":{"line":62,"column":null}}},"5":{"name":"CardContent","decl":{"start":{"line":64,"column":9},"end":{"line":64,"column":21}},"loc":{"start":{"line":64,"column":73},"end":{"line":72,"column":null}}},"6":{"name":"CardFooter","decl":{"start":{"line":74,"column":9},"end":{"line":74,"column":20}},"loc":{"start":{"line":74,"column":72},"end":{"line":82,"column":null}}}},"branchMap":{},"s":{"0":0,"1":0,"2":0,"3":0,"4":0,"5":0,"6":0,"7":0,"8":0},"f":{"0":0,"1":0,"2":0,"3":0,"4":0,"5":0,"6":0},"b":{}}
,"/Users/florianariasu/test/react-calculator-app/components/ui/carousel.tsx": {"path":"/Users/florianariasu/test/react-calculator-app/components/ui/carousel.tsx","statementMap":{"0":{"start":{"line":236,"column":2},"end":{"line":236,"column":10}},"1":{"start":{"line":237,"column":2},"end":{"line":237,"column":17}},"2":{"start":{"line":238,"column":2},"end":{"line":238,"column":14}},"3":{"start":{"line":240,"column":2},"end":{"line":240,"column":14}},"4":{"start":{"line":239,"column":2},"end":{"line":239,"column":18}},"5":{"start":{"line":3,"column":23},"end":{"line":3,"column":null}},"6":{"start":{"line":6,"column":7},"end":{"line":6,"column":null}},"7":{"start":{"line":7,"column":38},"end":{"line":7,"column":null}},"8":{"start":{"line":9,"column":19},"end":{"line":9,"column":null}},"9":{"start":{"line":10,"column":23},"end":{"line":10,"column":null}},"10":{"start":{"line":33,"column":24},"end":{"line":33,"column":null}},"11":{"start":{"line":36,"column":18},"end":{"line":36,"column":null}},"12":{"start":{"line":38,"column":2},"end":{"line":40,"column":null}},"13":{"start":{"line":39,"column":4},"end":{"line":39,"column":null}},"14":{"start":{"line":42,"column":2},"end":{"line":42,"column":null}},"15":{"start":{"line":54,"column":29},"end":{"line":59,"column":null}},"16":{"start":{"line":61,"column":44},"end":{"line":61,"column":null}},"17":{"start":{"line":62,"column":44},"end":{"line":62,"column":null}},"18":{"start":{"line":64,"column":19},"end":{"line":68,"column":null}},"19":{"start":{"line":65,"column":4},"end":{"line":65,"column":null}},"20":{"start":{"line":65,"column":14},"end":{"line":65,"column":null}},"21":{"start":{"line":66,"column":4},"end":{"line":66,"column":null}},"22":{"start":{"line":67,"column":4},"end":{"line":67,"column":null}},"23":{"start":{"line":70,"column":21},"end":{"line":72,"column":null}},"24":{"start":{"line":71,"column":4},"end":{"line":71,"column":null}},"25":{"start":{"line":74,"column":21},"end":{"line":76,"column":null}},"26":{"start":{"line":75,"column":4},"end":{"line":75,"column":null}},"27":{"start":{"line":78,"column":24},"end":{"line":88,"column":null}},"28":{"start":{"line":80,"column":6},"end":{"line":86,"column":null}},"29":{"start":{"line":81,"column":8},"end":{"line":81,"column":null}},"30":{"start":{"line":82,"column":8},"end":{"line":82,"column":null}},"31":{"start":{"line":83,"column":13},"end":{"line":86,"column":null}},"32":{"start":{"line":84,"column":8},"end":{"line":84,"column":null}},"33":{"start":{"line":85,"column":8},"end":{"line":85,"column":null}},"34":{"start":{"line":91,"column":2},"end":{"line":94,"column":null}},"35":{"start":{"line":92,"column":4},"end":{"line":92,"column":null}},"36":{"start":{"line":92,"column":25},"end":{"line":92,"column":null}},"37":{"start":{"line":93,"column":4},"end":{"line":93,"column":null}},"38":{"start":{"line":96,"column":2},"end":{"line":105,"column":null}},"39":{"start":{"line":97,"column":4},"end":{"line":97,"column":null}},"40":{"start":{"line":97,"column":14},"end":{"line":97,"column":null}},"41":{"start":{"line":98,"column":4},"end":{"line":98,"column":null}},"42":{"start":{"line":99,"column":4},"end":{"line":99,"column":null}},"43":{"start":{"line":100,"column":4},"end":{"line":100,"column":null}},"44":{"start":{"line":102,"column":4},"end":{"line":104,"column":null}},"45":{"start":{"line":103,"column":6},"end":{"line":103,"column":null}},"46":{"start":{"line":136,"column":39},"end":{"line":136,"column":null}},"47":{"start":{"line":157,"column":26},"end":{"line":157,"column":null}},"48":{"start":{"line":180,"column":53},"end":{"line":180,"column":null}},"49":{"start":{"line":210,"column":53},"end":{"line":210,"column":null}}},"fnMap":{"0":{"name":"useCarousel","decl":{"start":{"line":35,"column":9},"end":{"line":35,"column":null}},"loc":{"start":{"line":35,"column":9},"end":{"line":43,"column":null}}},"1":{"name":"Carousel","decl":{"start":{"line":45,"column":9},"end":{"line":45,"column":18}},"loc":{"start":{"line":53,"column":46},"end":{"line":133,"column":null}}},"2":{"name":"(anonymous_12)","decl":{"start":{"line":64,"column":37},"end":{"line":64,"column":38}},"loc":{"start":{"line":64,"column":38},"end":{"line":68,"column":5}}},"3":{"name":"(anonymous_13)","decl":{"start":{"line":70,"column":39},"end":{"line":70,"column":null}},"loc":{"start":{"line":70,"column":39},"end":{"line":72,"column":5}}},"4":{"name":"(anonymous_14)","decl":{"start":{"line":74,"column":39},"end":{"line":74,"column":null}},"loc":{"start":{"line":74,"column":39},"end":{"line":76,"column":5}}},"5":{"name":"(anonymous_15)","decl":{"start":{"line":79,"column":4},"end":{"line":79,"column":5}},"loc":{"start":{"line":79,"column":5},"end":{"line":87,"column":null}}},"6":{"name":"(anonymous_16)","decl":{"start":{"line":91,"column":18},"end":{"line":91,"column":null}},"loc":{"start":{"line":91,"column":18},"end":{"line":94,"column":5}}},"7":{"name":"(anonymous_17)","decl":{"start":{"line":96,"column":18},"end":{"line":96,"column":null}},"loc":{"start":{"line":96,"column":18},"end":{"line":105,"column":5}}},"8":{"name":"(anonymous_18)","decl":{"start":{"line":102,"column":11},"end":{"line":102,"column":null}},"loc":{"start":{"line":102,"column":11},"end":{"line":104,"column":null}}},"9":{"name":"CarouselContent","decl":{"start":{"line":135,"column":9},"end":{"line":135,"column":25}},"loc":{"start":{"line":135,"column":77},"end":{"line":154,"column":null}}},"10":{"name":"CarouselItem","decl":{"start":{"line":156,"column":9},"end":{"line":156,"column":22}},"loc":{"start":{"line":156,"column":74},"end":{"line":172,"column":null}}},"11":{"name":"CarouselPrevious","decl":{"start":{"line":174,"column":9},"end":{"line":174,"column":26}},"loc":{"start":{"line":179,"column":38},"end":{"line":202,"column":null}}},"12":{"name":"CarouselNext","decl":{"start":{"line":204,"column":9},"end":{"line":204,"column":22}},"loc":{"start":{"line":209,"column":38},"end":{"line":232,"column":null}}}},"branchMap":{"0":{"loc":{"start":{"line":38,"column":2},"end":{"line":40,"column":null}},"type":"if","locations":[{"start":{"line":38,"column":2},"end":{"line":40,"column":null}},{"start":{},"end":{}}]},"1":{"loc":{"start":{"line":46,"column":2},"end":{"line":46,"column":28}},"type":"default-arg","locations":[{"start":{"line":46,"column":16},"end":{"line":46,"column":28}}]},"2":{"loc":{"start":{"line":57,"column":12},"end":{"line":57,"column":null}},"type":"cond-expr","locations":[{"start":{"line":57,"column":43},"end":{"line":57,"column":49}},{"start":{"line":57,"column":49},"end":{"line":57,"column":null}}]},"3":{"loc":{"start":{"line":65,"column":4},"end":{"line":65,"column":null}},"type":"if","locations":[{"start":{"line":65,"column":4},"end":{"line":65,"column":null}},{"start":{},"end":{}}]},"4":{"loc":{"start":{"line":80,"column":6},"end":{"line":86,"column":null}},"type":"if","locations":[{"start":{"line":80,"column":6},"end":{"line":86,"column":null}},{"start":{"line":83,"column":13},"end":{"line":86,"column":null}}]},"5":{"loc":{"start":{"line":83,"column":13},"end":{"line":86,"column":null}},"type":"if","locations":[{"start":{"line":83,"column":13},"end":{"line":86,"column":null}},{"start":{},"end":{}}]},"6":{"loc":{"start":{"line":92,"column":4},"end":{"line":92,"column":null}},"type":"if","locations":[{"start":{"line":92,"column":4},"end":{"line":92,"column":null}},{"start":{},"end":{}}]},"7":{"loc":{"start":{"line":92,"column":8},"end":{"line":92,"column":25}},"type":"binary-expr","locations":[{"start":{"line":92,"column":8},"end":{"line":92,"column":16}},{"start":{"line":92,"column":16},"end":{"line":92,"column":25}}]},"8":{"loc":{"start":{"line":97,"column":4},"end":{"line":97,"column":null}},"type":"if","locations":[{"start":{"line":97,"column":4},"end":{"line":97,"column":null}},{"start":{},"end":{}}]},"9":{"loc":{"start":{"line":114,"column":10},"end":{"line":114,"column":null}},"type":"binary-expr","locations":[{"start":{"line":114,"column":10},"end":{"line":114,"column":26}},{"start":{"line":114,"column":26},"end":{"line":114,"column":71}}]},"10":{"loc":{"start":{"line":114,"column":26},"end":{"line":114,"column":71}},"type":"cond-expr","locations":[{"start":{"line":114,"column":47},"end":{"line":114,"column":60}},{"start":{"line":114,"column":60},"end":{"line":114,"column":71}}]},"11":{"loc":{"start":{"line":147,"column":10},"end":{"line":147,"column":null}},"type":"cond-expr","locations":[{"start":{"line":147,"column":41},"end":{"line":147,"column":51}},{"start":{"line":147,"column":51},"end":{"line":147,"column":null}}]},"12":{"loc":{"start":{"line":166,"column":8},"end":{"line":166,"column":null}},"type":"cond-expr","locations":[{"start":{"line":166,"column":39},"end":{"line":166,"column":48}},{"start":{"line":166,"column":48},"end":{"line":166,"column":null}}]},"13":{"loc":{"start":{"line":176,"column":2},"end":{"line":176,"column":21}},"type":"default-arg","locations":[{"start":{"line":176,"column":12},"end":{"line":176,"column":21}}]},"14":{"loc":{"start":{"line":177,"column":2},"end":{"line":177,"column":15}},"type":"default-arg","locations":[{"start":{"line":177,"column":9},"end":{"line":177,"column":15}}]},"15":{"loc":{"start":{"line":189,"column":8},"end":{"line":191,"column":null}},"type":"cond-expr","locations":[{"start":{"line":190,"column":12},"end":{"line":190,"column":null}},{"start":{"line":191,"column":12},"end":{"line":191,"column":null}}]},"16":{"loc":{"start":{"line":206,"column":2},"end":{"line":206,"column":21}},"type":"default-arg","locations":[{"start":{"line":206,"column":12},"end":{"line":206,"column":21}}]},"17":{"loc":{"start":{"line":207,"column":2},"end":{"line":207,"column":15}},"type":"default-arg","locations":[{"start":{"line":207,"column":9},"end":{"line":207,"column":15}}]},"18":{"loc":{"start":{"line":219,"column":8},"end":{"line":221,"column":null}},"type":"cond-expr","locations":[{"start":{"line":220,"column":12},"end":{"line":220,"column":null}},{"start":{"line":221,"column":12},"end":{"line":221,"column":null}}]}},"s":{"0":0,"1":0,"2":0,"3":0,"4":0,"5":0,"6":0,"7":0,"8":0,"9":0,"10":0,"11":0,"12":0,"13":0,"14":0,"15":0,"16":0,"17":0,"18":0,"19":0,"20":0,"21":0,"22":0,"23":0,"24":0,"25":0,"26":0,"27":0,"28":0,"29":0,"30":0,"31":0,"32":0,"33":0,"34":0,"35":0,"36":0,"37":0,"38":0,"39":0,"40":0,"41":0,"42":0,"43":0,"44":0,"45":0,"46":0,"47":0,"48":0,"49":0},"f":{"0":0,"1":0,"2":0,"3":0,"4":0,"5":0,"6":0,"7":0,"8":0,"9":0,"10":0,"11":0,"12":0},"b":{"0":[0,0],"1":[0],"2":[0,0],"3":[0,0],"4":[0,0],"5":[0,0],"6":[0,0],"7":[0,0],"8":[0,0],"9":[0,0],"10":[0,0],"11":[0,0],"12":[0,0],"13":[0],"14":[0],"15":[0,0],"16":[0],"17":[0],"18":[0,0]}}
,"/Users/florianariasu/test/react-calculator-app/components/ui/chart.tsx": {"path":"/Users/florianariasu/test/react-calculator-app/components/ui/chart.tsx","statementMap":{"0":{"start":{"line":347,"column":2},"end":{"line":347,"column":16}},"1":{"start":{"line":350,"column":2},"end":{"line":350,"column":13}},"2":{"start":{"line":351,"column":2},"end":{"line":351,"column":20}},"3":{"start":{"line":352,"column":2},"end":{"line":352,"column":12}},"4":{"start":{"line":348,"column":2},"end":{"line":348,"column":14}},"5":{"start":{"line":349,"column":2},"end":{"line":349,"column":21}},"6":{"start":{"line":3,"column":23},"end":{"line":3,"column":null}},"7":{"start":{"line":4,"column":35},"end":{"line":4,"column":null}},"8":{"start":{"line":6,"column":19},"end":{"line":6,"column":null}},"9":{"start":{"line":9,"column":15},"end":{"line":9,"column":null}},"10":{"start":{"line":25,"column":21},"end":{"line":25,"column":null}},"11":{"start":{"line":28,"column":18},"end":{"line":28,"column":null}},"12":{"start":{"line":30,"column":2},"end":{"line":32,"column":null}},"13":{"start":{"line":31,"column":4},"end":{"line":31,"column":null}},"14":{"start":{"line":34,"column":2},"end":{"line":34,"column":null}},"15":{"start":{"line":49,"column":19},"end":{"line":49,"column":null}},"16":{"start":{"line":50,"column":18},"end":{"line":50,"column":61}},"17":{"start":{"line":72,"column":19},"end":{"line":103,"column":null}},"18":{"start":{"line":73,"column":22},"end":{"line":74,"column":null}},"19":{"start":{"line":74,"column":20},"end":{"line":74,"column":48}},"20":{"start":{"line":77,"column":2},"end":{"line":79,"column":null}},"21":{"start":{"line":78,"column":4},"end":{"line":78,"column":null}},"22":{"start":{"line":86,"column":33},"end":{"line":97,"column":1}},"23":{"start":{"line":91,"column":6},"end":{"line":92,"column":22}},"24":{"start":{"line":93,"column":4},"end":{"line":93,"column":null}},"25":{"start":{"line":105,"column":21},"end":{"line":105,"column":46}},"26":{"start":{"line":129,"column":21},"end":{"line":129,"column":null}},"27":{"start":{"line":131,"column":23},"end":{"line":165,"column":null}},"28":{"start":{"line":132,"column":4},"end":{"line":134,"column":null}},"29":{"start":{"line":133,"column":6},"end":{"line":133,"column":null}},"30":{"start":{"line":136,"column":19},"end":{"line":136,"column":null}},"31":{"start":{"line":137,"column":16},"end":{"line":137,"column":71}},"32":{"start":{"line":138,"column":23},"end":{"line":138,"column":null}},"33":{"start":{"line":140,"column":6},"end":{"line":142,"column":null}},"34":{"start":{"line":144,"column":4},"end":{"line":150,"column":null}},"35":{"start":{"line":152,"column":4},"end":{"line":154,"column":null}},"36":{"start":{"line":153,"column":6},"end":{"line":153,"column":null}},"37":{"start":{"line":167,"column":2},"end":{"line":169,"column":null}},"38":{"start":{"line":168,"column":4},"end":{"line":168,"column":null}},"39":{"start":{"line":171,"column":20},"end":{"line":171,"column":null}},"40":{"start":{"line":183,"column":22},"end":{"line":183,"column":74}},"41":{"start":{"line":184,"column":29},"end":{"line":184,"column":null}},"42":{"start":{"line":185,"column":33},"end":{"line":185,"column":73}},"43":{"start":{"line":187,"column":10},"end":{"line":189,"column":null}},"44":{"start":{"line":251,"column":20},"end":{"line":251,"column":44}},"45":{"start":{"line":264,"column":21},"end":{"line":264,"column":null}},"46":{"start":{"line":266,"column":2},"end":{"line":268,"column":null}},"47":{"start":{"line":267,"column":4},"end":{"line":267,"column":null}},"48":{"start":{"line":279,"column":20},"end":{"line":279,"column":59}},"49":{"start":{"line":280,"column":27},"end":{"line":280,"column":null}},"50":{"start":{"line":282,"column":8},"end":{"line":284,"column":null}},"51":{"start":{"line":313,"column":2},"end":{"line":315,"column":null}},"52":{"start":{"line":314,"column":4},"end":{"line":314,"column":null}},"53":{"start":{"line":318,"column":4},"end":{"line":322,"column":null}},"54":{"start":{"line":324,"column":31},"end":{"line":324,"column":null}},"55":{"start":{"line":326,"column":2},"end":{"line":339,"column":null}},"56":{"start":{"line":330,"column":4},"end":{"line":330,"column":null}},"57":{"start":{"line":331,"column":9},"end":{"line":339,"column":null}},"58":{"start":{"line":336,"column":4},"end":{"line":338,"column":null}},"59":{"start":{"line":341,"column":2},"end":{"line":343,"column":null}}},"fnMap":{"0":{"name":"useChart","decl":{"start":{"line":27,"column":9},"end":{"line":27,"column":null}},"loc":{"start":{"line":27,"column":9},"end":{"line":35,"column":null}}},"1":{"name":"ChartContainer","decl":{"start":{"line":37,"column":9},"end":{"line":37,"column":24}},"loc":{"start":{"line":48,"column":1},"end":{"line":70,"column":null}}},"2":{"name":"(anonymous_12)","decl":{"start":{"line":72,"column":19},"end":{"line":72,"column":20}},"loc":{"start":{"line":72,"column":71},"end":{"line":103,"column":null}}},"3":{"name":"(anonymous_13)","decl":{"start":{"line":74,"column":4},"end":{"line":74,"column":5}},"loc":{"start":{"line":74,"column":20},"end":{"line":74,"column":48}}},"4":{"name":"(anonymous_14)","decl":{"start":{"line":86,"column":12},"end":{"line":86,"column":13}},"loc":{"start":{"line":86,"column":33},"end":{"line":97,"column":1}}},"5":{"name":"(anonymous_15)","decl":{"start":{"line":89,"column":7},"end":{"line":89,"column":8}},"loc":{"start":{"line":89,"column":25},"end":{"line":94,"column":null}}},"6":{"name":"ChartTooltipContent","decl":{"start":{"line":107,"column":9},"end":{"line":107,"column":29}},"loc":{"start":{"line":128,"column":3},"end":{"line":249,"column":null}}},"7":{"name":"(anonymous_17)","decl":{"start":{"line":131,"column":37},"end":{"line":131,"column":null}},"loc":{"start":{"line":131,"column":37},"end":{"line":157,"column":5}}},"8":{"name":"(anonymous_18)","decl":{"start":{"line":182,"column":21},"end":{"line":182,"column":22}},"loc":{"start":{"line":182,"column":28},"end":{"line":245,"column":null}}},"9":{"name":"ChartLegendContent","decl":{"start":{"line":253,"column":9},"end":{"line":253,"column":28}},"loc":{"start":{"line":263,"column":3},"end":{"line":305,"column":null}}},"10":{"name":"(anonymous_20)","decl":{"start":{"line":278,"column":19},"end":{"line":278,"column":20}},"loc":{"start":{"line":278,"column":20},"end":{"line":302,"column":null}}},"11":{"name":"getPayloadConfigFromPayload","decl":{"start":{"line":308,"column":9},"end":{"line":308,"column":null}},"loc":{"start":{"line":311,"column":13},"end":{"line":344,"column":null}}}},"branchMap":{"0":{"loc":{"start":{"line":30,"column":2},"end":{"line":32,"column":null}},"type":"if","locations":[{"start":{"line":30,"column":2},"end":{"line":32,"column":null}},{"start":{},"end":{}}]},"1":{"loc":{"start":{"line":50,"column":27},"end":{"line":50,"column":61}},"type":"binary-expr","locations":[{"start":{"line":50,"column":27},"end":{"line":50,"column":33}},{"start":{"line":50,"column":33},"end":{"line":50,"column":61}}]},"2":{"loc":{"start":{"line":74,"column":20},"end":{"line":74,"column":48}},"type":"binary-expr","locations":[{"start":{"line":74,"column":20},"end":{"line":74,"column":32}},{"start":{"line":74,"column":36},"end":{"line":74,"column":48}}]},"3":{"loc":{"start":{"line":77,"column":2},"end":{"line":79,"column":null}},"type":"if","locations":[{"start":{"line":77,"column":2},"end":{"line":79,"column":null}},{"start":{},"end":{}}]},"4":{"loc":{"start":{"line":91,"column":6},"end":{"line":92,"column":22}},"type":"binary-expr","locations":[{"start":{"line":91,"column":6},"end":{"line":91,"column":64}},{"start":{"line":92,"column":6},"end":{"line":92,"column":22}}]},"5":{"loc":{"start":{"line":93,"column":11},"end":{"line":93,"column":null}},"type":"cond-expr","locations":[{"start":{"line":93,"column":19},"end":{"line":93,"column":48}},{"start":{"line":93,"column":51},"end":{"line":93,"column":null}}]},"6":{"loc":{"start":{"line":111,"column":2},"end":{"line":111,"column":19}},"type":"default-arg","locations":[{"start":{"line":111,"column":14},"end":{"line":111,"column":19}}]},"7":{"loc":{"start":{"line":112,"column":2},"end":{"line":112,"column":19}},"type":"default-arg","locations":[
[...]
,"/Users/florianariasu/test/react-calculator-app/components/ui/toaster.tsx": {"path":"/Users/florianariasu/test/react-calculator-app/components/ui/toaster.tsx","statementMap":{"0":{"start":{"line":13,"column":16},"end":{"line":13,"column":null}},"1":{"start":{"line":3,"column":25},"end":{"line":3,"column":null}},"2":{"start":{"line":11,"column":7},"end":{"line":11,"column":null}},"3":{"start":{"line":14,"column":21},"end":{"line":14,"column":null}},"4":{"start":{"line":19,"column":8},"end":{"line":20,"column":27}}},"fnMap":{"0":{"name":"Toaster","decl":{"start":{"line":13,"column":16},"end":{"line":13,"column":null}},"loc":{"start":{"line":13,"column":16},"end":{"line":35,"column":null}}},"1":{"name":"(anonymous_2)","decl":{"start":{"line":18,"column":18},"end":{"line":18,"column":28}},"loc":{"start":{"line":18,"column":72},"end":{"line":31,"column":null}}}},"branchMap":{"0":{"loc":{"start":{"line":22,"column":15},"end":{"line":22,"column":24}},"type":"binary-expr","locations":[{"start":{"line":22,"column":15},"end":{"line":22,"column":24}}]},"1":{"loc":{"start":{"line":23,"column":15},"end":{"line":23,"column":null}},"type":"binary-expr","locations":[{"start":{"line":23,"column":15},"end":{"line":23,"column":null}}]}},"s":{"0":0,"1":0,"2":0,"3":0,"4":0},"f":{"0":0,"1":0},"b":{"0":[0],"1":[0]}}
,"/Users/florianariasu/test/react-calculator-app/components/ui/toggle-group.tsx": {"path":"/Users/florianariasu/test/react-calculator-app/components/ui/toggle-group.tsx","statementMap":{"0":{"start":{"line":73,"column":9},"end":{"line":73,"column":20}},"1":{"start":{"line":73,"column":22},"end":{"line":73,"column":37}},"2":{"start":{"line":3,"column":23},"end":{"line":3,"column":null}},"3":{"start":{"line":4,"column":38},"end":{"line":4,"column":null}},"4":{"start":{"line":7,"column":19},"end":{"line":7,"column":null}},"5":{"start":{"line":8,"column":31},"end":{"line":8,"column":null}},"6":{"start":{"line":10,"column":27},"end":{"line":15,"column":null}},"7":{"start":{"line":51,"column":18},"end":{"line":51,"column":null}}},"fnMap":{"0":{"name":"ToggleGroup","decl":{"start":{"line":17,"column":9},"end":{"line":17,"column":21}},"loc":{"start":{"line":24,"column":37},"end":{"line":41,"column":null}}},"1":{"name":"ToggleGroupItem","decl":{"start":{"line":43,"column":9},"end":{"line":43,"column":25}},"loc":{"start":{"line":50,"column":37},"end":{"line":71,"column":null}}}},"branchMap":{"0":{"loc":{"start":{"line":56,"column":20},"end":{"line":56,"column":null}},"type":"binary-expr","locations":[{"start":{"line":56,"column":20},"end":{"line":56,"column":35}},{"start":{"line":56,"column":39},"end":{"line":56,"column":null}}]},"1":{"loc":{"start":{"line":57,"column":17},"end":{"line":57,"column":null}},"type":"binary-expr","locations":[{"start":{"line":57,"column":17},"end":{"line":57,"column":29}},{"start":{"line":57,"column":33},"end":{"line":57,"column":null}}]},"2":{"loc":{"start":{"line":60,"column":19},"end":{"line":60,"column":null}},"type":"binary-expr","locations":[{"start":{"line":60,"column":19},"end":{"line":60,"column":34}},{"start":{"line":60,"column":38},"end":{"line":60,"column":null}}]},"3":{"loc":{"start":{"line":61,"column":16},"end":{"line":61,"column":null}},"type":"binary-expr","locations":[{"start":{"line":61,"column":16},"end":{"line":61,"column":28}},{"start":{"line":61,"column":32},"end":{"line":61,"column":null}}]}},"s":{"0":0,"1":0,"2":0,"3":0,"4":0,"5":0,"6":0,"7":0},"f":{"0":0,"1":0},"b":{"0":[0,0],"1":[0,0],"2":[0,0],"3":[0,0]}}
,"/Users/florianariasu/test/react-calculator-app/components/ui/toggle.tsx": {"path":"/Users/florianariasu/test/react-calculator-app/components/ui/toggle.tsx","statementMap":{"0":{"start":{"line":47,"column":9},"end":{"line":47,"column":15}},"1":{"start":{"line":47,"column":17},"end":{"line":47,"column":31}},"2":{"start":{"line":3,"column":23},"end":{"line":3,"column":null}},"3":{"start":{"line":4,"column":33},"end":{"line":4,"column":null}},"4":{"start":{"line":5,"column":39},"end":{"line":5,"column":null}},"5":{"start":{"line":7,"column":19},"end":{"line":7,"column":null}},"6":{"start":{"line":9,"column":23},"end":{"line":28,"column":null}}},"fnMap":{"0":{"name":"Toggle","decl":{"start":{"line":31,"column":9},"end":{"line":31,"column":16}},"loc":{"start":{"line":37,"column":37},"end":{"line":45,"column":null}}}},"branchMap":{},"s":{"0":0,"1":0,"2":0,"3":0,"4":0,"5":0,"6":0},"f":{"0":0},"b":{}}
,"/Users/florianariasu/test/react-calculator-app/components/ui/tooltip.tsx": {"path":"/Users/florianariasu/test/react-calculator-app/components/ui/tooltip.tsx","statementMap":{"0":{"start":{"line":61,"column":9},"end":{"line":61,"column":16}},"1":{"start":{"line":61,"column":34},"end":{"line":61,"column":48}},"2":{"start":{"line":61,"column":50},"end":{"line":61,"column":65}},"3":{"start":{"line":61,"column":18},"end":{"line":61,"column":32}},"4":{"start":{"line":3,"column":23},"end":{"line":3,"column":null}},"5":{"start":{"line":4,"column":34},"end":{"line":4,"column":null}},"6":{"start":{"line":6,"column":19},"end":{"line":6,"column":null}}},"fnMap":{"0":{"name":"TooltipProvider","decl":{"start":{"line":8,"column":9},"end":{"line":8,"column":25}},"loc":{"start":{"line":11,"column":57},"end":{"line":19,"column":null}}},"1":{"name":"Tooltip","decl":{"start":{"line":21,"column":9},"end":{"line":21,"column":17}},"loc":{"start":{"line":23,"column":53},"end":{"line":29,"column":null}}},"2":{"name":"TooltipTrigger","decl":{"start":{"line":31,"column":9},"end":{"line":31,"column":24}},"loc":{"start":{"line":33,"column":56},"end":{"line":35,"column":null}}},"3":{"name":"TooltipContent","decl":{"start":{"line":37,"column":9},"end":{"line":37,"column":24}},"loc":{"start":{"line":42,"column":56},"end":{"line":59,"column":null}}}},"branchMap":{"0":{"loc":{"start":{"line":9,"column":2},"end":{"line":9,"column":19}},"type":"default-arg","locations":[{"start":{"line":9,"column":18},"end":{"line":9,"column":19}}]},"1":{"loc":{"start":{"line":39,"column":2},"end":{"line":39,"column":16}},"type":"default-arg","locations":[{"start":{"line":39,"column":15},"end":{"line":39,"column":16}}]}},"s":{"0":0,"1":0,"2":0,"3":0,"4":0,"5":0,"6":0},"f":{"0":0,"1":0,"2":0,"3":0},"b":{"0":[0],"1":[0]}}
,"/Users/florianariasu/test/react-calculator-app/components/ui/use-mobile.tsx": {"path":"/Users/florianariasu/test/react-calculator-app/components/ui/use-mobile.tsx","statementMap":{"0":{"start":{"line":5,"column":16},"end":{"line":5,"column":null}},"1":{"start":{"line":1,"column":23},"end":{"line":1,"column":null}},"2":{"start":{"line":3,"column":26},"end":{"line":3,"column":null}},"3":{"start":{"line":6,"column":34},"end":{"line":6,"column":null}},"4":{"start":{"line":8,"column":2},"end":{"line":16,"column":null}},"5":{"start":{"line":9,"column":16},"end":{"line":9,"column":null}},"6":{"start":{"line":10,"column":21},"end":{"line":12,"column":null}},"7":{"start":{"line":11,"column":6},"end":{"line":11,"column":null}},"8":{"start":{"line":13,"column":4},"end":{"line":13,"column":null}},"9":{"start":{"line":14,"column":4},"end":{"line":14,"column":null}},"10":{"start":{"line":15,"column":4},"end":{"line":15,"column":null}},"11":{"start":{"line":15,"column":17},"end":{"line":15,"column":null}},"12":{"start":{"line":18,"column":2},"end":{"line":18,"column":null}}},"fnMap":{"0":{"name":"useIsMobile","decl":{"start":{"line":5,"column":16},"end":{"line":5,"column":null}},"loc":{"start":{"line":5,"column":16},"end":{"line":19,"column":null}}},"1":{"name":"(anonymous_5)","decl":{"start":{"line":8,"column":18},"end":{"line":8,"column":null}},"loc":{"start":{"line":8,"column":18},"end":{"line":16,"column":5}}},"2":{"name":"(anonymous_6)","decl":{"start":{"line":10,"column":21},"end":{"line":10,"column":null}},"loc":{"start":{"line":10,"column":21},"end":{"line":12,"column":null}}},"3":{"name":"(anonymous_7)","decl":{"start":{"line":15,"column":11},"end":{"line":15,"column":17}},"loc":{"start":{"line":15,"column":17},"end":{"line":15,"column":null}}}},"branchMap":{},"s":{"0":0,"1":0,"2":0,"3":0,"4":0,"5":0,"6":0,"7":0,"8":0,"9":0,"10":0,"11":0,"12":0},"f":{"0":0,"1":0,"2":0,"3":0},"b":{}}
,"/Users/florianariasu/test/react-calculator-app/components/ui/use-toast.ts": {"path":"/Users/florianariasu/test/react-calculator-app/components/ui/use-toast.ts","statementMap":{"0":{"start":{"line":74,"column":13},"end":{"line":74,"column":20}},"1":{"start":{"line":191,"column":19},"end":{"line":191,"column":24}},"2":{"start":{"line":191,"column":9},"end":{"line":191,"column":17}},"3":{"start":{"line":4,"column":23},"end":{"line":4,"column":null}},"4":{"start":{"line":8,"column":20},"end":{"line":8,"column":null}},"5":{"start":{"line":9,"column":27},"end":{"line":9,"column":null}},"6":{"start":{"line":18,"column":20},"end":{"line":23,"column":null}},"7":{"start":{"line":25,"column":12},"end":{"line":25,"column":null}},"8":{"start":{"line":28,"column":2},"end":{"line":28,"column":null}},"9":{"start":{"line":29,"column":2},"end":{"line":29,"column":null}},"10":{"start":{"line":56,"column":22},"end":{"line":56,"column":null}},"11":{"start":{"line":58,"column":25},"end":{"line":72,"column":null}},"12":{"start":{"line":59,"column":2},"end":{"line":61,"column":null}},"13":{"start":{"line":60,"column":4},"end":{"line":60,"column":null}},"14":{"start":{"line":63,"column":18},"end":{"line":69,"column":null}},"15":{"start":{"line":64,"column":4},"end":{"line":64,"column":null}},"16":{"start":{"line":65,"column":4},"end":{"line":68,"column":null}},"17":{"start":{"line":71,"column":2},"end":{"line":71,"column":null}},"18":{"start":{"line":74,"column":23},"end":{"line":127,"column":null}},"19":{"start":{"line":75,"column":2},"end":{"line":126,"column":null}},"20":{"start":{"line":77,"column":6},"end":{"line":80,"column":null}},"21":{"start":{"line":83,"column":6},"end":{"line":88,"column":null}},"22":{"start":{"line":86,"column":10},"end":{"line":86,"column":null}},"23":{"start":{"line":91,"column":26},"end":{"line":91,"column":null}},"24":{"start":{"line":95,"column":6},"end":{"line":101,"column":null}},"25":{"start":{"line":96,"column":8},"end":{"line":96,"column":null}},"26":{"start":{"line":98,"column":8},"end":{"line":100,"column":null}},"27":{"start":{"line":99,"column":10},"end":{"line":99,"column":null}},"28":{"start":{"line":103,"column":6},"end":{"line":113,"column":null}},"29":{"start":{"line":106,"column":10},"end":{"line":111,"column":null}},"30":{"start":{"line":116,"column":6},"end":{"line":121,"column":null}},"31":{"start":{"line":117,"column":8},"end":{"line":120,"column":null}},"32":{"start":{"line":122,"column":6},"end":{"line":125,"column":null}},"33":{"start":{"line":124,"column":43},"end":{"line":124,"column":66}},"34":{"start":{"line":129,"column":49},"end":{"line":129,"column":51}},"35":{"start":{"line":131,"column":25},"end":{"line":131,"column":null}},"36":{"start":{"line":134,"column":2},"end":{"line":134,"column":null}},"37":{"start":{"line":135,"column":2},"end":{"line":137,"column":null}},"38":{"start":{"line":136,"column":4},"end":{"line":136,"column":null}},"39":{"start":{"line":143,"column":13},"end":{"line":143,"column":null}},"40":{"start":{"line":145,"column":17},"end":{"line":149,"column":null}},"41":{"start":{"line":146,"column":4},"end":{"line":149,"column":null}},"42":{"start":{"line":150,"column":18},"end":{"line":150,"column":null}},"43":{"start":{"line":150,"column":24},"end":{"line":150,"column":null}},"44":{"start":{"line":152,"column":2},"end":{"line":162,"column":null}},"45":{"start":{"line":159,"column":8},"end":{"line":159,"column":null}},"46":{"start":{"line":159,"column":19},"end":{"line":159,"column":null}},"47":{"start":{"line":164,"column":2},"end":{"line":168,"column":null}},"48":{"start":{"line":172,"column":28},"end":{"line":172,"column":null}},"49":{"start":{"line":174,"column":2},"end":{"line":182,"column":null}},"50":{"start":{"line":175,"column":4},"end":{"line":175,"column":null}},"51":{"start":{"line":176,"column":4},"end":{"line":181,"column":null}},"52":{"start":{"line":177,"column":20},"end":{"line":177,"column":null}},"53":{"start":{"line":178,"column":6},"end":{"line":180,"column":null}},"54":{"start":{"line":179,"column":8},"end":{"line":179,"column":null}},"55":{"start":{"line":184,"column":2},"end":{"line":188,"column":null}},"56":{"start":{"line":187,"column":35},"end":{"line":187,"column":null}}},"fnMap":{"0":{"name":"genId","decl":{"start":{"line":27,"column":9},"end":{"line":27,"column":null}},"loc":{"start":{"line":27,"column":9},"end":{"line":30,"column":null}}},"1":{"name":"(anonymous_8)","decl":{"start":{"line":58,"column":25},"end":{"line":58,"column":26}},"loc":{"start":{"line":58,"column":26},"end":{"line":72,"column":null}}},"2":{"name":"(anonymous_9)","decl":{"start":{"line":63,"column":29},"end":{"line":63,"column":null}},"loc":{"start":{"line":63,"column":29},"end":{"line":69,"column":5}}},"3":{"name":"(anonymous_10)","decl":{"start":{"line":74,"column":23},"end":{"line":74,"column":24}},"loc":{"start":{"line":74,"column":38},"end":{"line":127,"column":null}}},"4":{"name":"(anonymous_11)","decl":{"start":{"line":85,"column":33},"end":{"line":85,"column":34}},"loc":{"start":{"line":86,"column":10},"end":{"line":86,"column":null}}},"5":{"name":"(anonymous_12)","decl":{"start":{"line":98,"column":29},"end":{"line":98,"column":30}},"loc":{"start":{"line":98,"column":30},"end":{"line":100,"column":null}}},"6":{"name":"(anonymous_13)","decl":{"start":{"line":105,"column":33},"end":{"line":105,"column":34}},"loc":{"start":{"line":106,"column":10},"end":{"line":111,"column":null}}},"7":{"name":"(anonymous_14)","decl":{"start":{"line":124,"column":36},"end":{"line":124,"column":37}},"loc":{"start":{"line":124,"column":43},"end":{"line":124,"column":66}}},"8":{"name":"dispatch","decl":{"start":{"line":133,"column":9},"end":{"line":133,"column":18}},"loc":{"start":{"line":133,"column":32},"end":{"line":138,"column":null}}},"9":{"name":"(anonymous_16)","decl":{"start":{"line":135,"column":20},"end":{"line":135,"column":21}},"loc":{"start":{"line":135,"column":21},"end":{"line":137,"column":null}}},"10":{"name":"toast","decl":{"start":{"line":142,"column":9},"end":{"line":142,"column":15}},"loc":{"start":{"line":142,"column":34},"end":{"line":169,"column":null}}},"11":{"name":"(anonymous_18)","decl":{"start":{"line":145,"column":17},"end":{"line":145,"column":18}},"loc":{"start":{"line":146,"column":4},"end":{"line":149,"column":null}}},"12":{"name":"(anonymous_19)","decl":{"start":{"line":150,"column":18},"end":{"line":150,"column":24}},"loc":{"start":{"line":150,"column":24},"end":{"line":150,"column":null}}},"13":{"name":"(anonymous_20)","decl":{"start":{"line":158,"column":20},"end":{"line":158,"column":21}},"loc":{"start":{"line":158,"column":21},"end":{"line":160,"column":null}}},"14":{"name":"useToast","decl":{"start":{"line":171,"column":9},"end":{"line":171,"column":null}},"loc":{"start":{"line":171,"column":9},"end":{"line":189,"column":null}}},"15":{"name":"(anonymous_22)","decl":{"start":{"line":174,"column":18},"end":{"line":174,"column":null}},"loc":{"start":{"line":174,"column":18},"end":{"line":182,"column":5}}},"16":{"name":"(anonymous_23)","decl":{"start":{"line":176,"column":11},"end":{"line":176,"column":null}},"loc":{"start":{"line":176,"column":11},"end":{"line":181,"column":null}}},"17":{"name":"(anonymous_24)","decl":{"start":{"line":187,"column":13},"end":{"line":187,"column":14}},"loc":{"start":{"line":187,"column":35},"end":{"line":187,"column":null}}}},"branchMap":{"0":{"loc":{"start":{"line":59,"column":2},"end":{"line":61,"column":null}},"type":"if","locations":[{"start":{"line":59,"column":2},"end":{"line":61,"column":null}},{"start":{},"end":{}}]},"1":{"loc":{"start":{"line":75,"column":2},"end":{"line":126,"column":null}},"type":"switch","locations":[{"start":{"line":76,"column":4},"end":{"line":80,"column":null}},{"start":{"line":82,"column":4},"end":{"line":88,"column":null}},{"start":{"line":90,"column":4},"end":{"line":114,"column":null}},{"start":{"line":115,"column":4},"end":{"line":125,"column":null}}]},"2":{"loc":{"start":{"line":86,"column":10},"end":{"line":86,"column":null}},"type":"cond-expr","locations":[{"start":{"line":86,"column":37},"end":{"line":86,"column":65}},{"start":{"line":86,"column":65},"end":{"line":86,"column":null}}]},"3":{"loc":{"start":{"line":95,"column":6},"end":{"line":101,"column":null}},"type":"if","locations":[{"start":{"line":95,"column":6},"end":{"line":101,"column":null}},{"start":{"line":97,"column":13},"end":{"line":101,"column":null}}]},"4":{"loc":{"start":{"line":106,"column":10},"end":{"line":111,"column":null}},"type":"cond-expr","locations":[{"start":{"line":107,"column":14},"end":{"line":110,"column":null}},{"start":{"line":111,"column":14},"end":{"line":111,"column":null}}]},"5":{"loc":{"start":{"line":106,"column":10},"end":{"line":106,"column":null}},"type":"binary-expr","locations":[{"start":{"line":106,"column":10},"end":{"line":106,"column":30}},{"start":{"line":106,"column":30},"end":{"line":106,"column":null}}]},"6":{"loc":{"start":{"line":116,"column":6},"end":{"line":121,"column":null}},"type":"if","locations":[{"start":{"line":116,"column":6},"end":{"line":121,"column":null}},{"start":{},"end":{}}]},"7":{"loc":{"start":{"line":159,"column":8},"end":{"line":159,"column":null}},"type":"if","locations":[{"start":{"line":159,"column":8},"end":{"line":159,"column":null}},{"start":{},"end":{}}]},"8":{"loc":{"start":{"line":178,"column":6},"end":{"line":180,"column":null}},"type":"if","locations":[{"start":{"line":178,"column":6},"end":{"line":180,"column":null}},{"start":{},"end":{}}]}},"s":{"0":0,"1":0,"2":0,"3":0,"4":0,"5":0,"6":0,"7":0,"8":0,"9":0,"10":0,"11":0,"12":0,"13":0,"14":0,"15":0,"16":0,"17":0,"18":0,"19":0,"20":0,"21":0,"22":0,"23":0,"24":0,"25":0,"26":0,"27":0,"28":0,"29":0,"30":0,"31":0,"32":0,"33":0,"34":0,"35":0,"36":0,"37":0,"38":0,"39":0,"40":0,"41":0,"42":0,"43":0,"44":0,"45":0,"46":0,"47":0,"48":0,"49":0,"50":0,"51":0,"52":0,"53":0,"54":0,"55":0,"56":0},"f":{"0":0,"1":0,"2":0,"3":0,"4":0,"5":0,"6":0,"7":0,"8":0,"9":0,"10":0,"11":0,"12":0,"13":0,"14":0,"15":0,"16":0,"17":0},"b":{"0":[0,0],"1":[0,0,0,0],"2":[0,0],"3":[0,0],"4":[0,0],"5":[0,0],"6":[0,0],"7":[0,0],"8":[0,0]}}
}
